Started GET "/" for ::1 at 2024-01-03 13:11:55 +0530
Processing by Rails::WelcomeController#index as HTML
  Rendering /usr/share/rvm/gems/ruby-3.1.4@iris/gems/railties-7.0.8/lib/rails/templates/rails/welcome/index.html.erb
  Rendered /usr/share/rvm/gems/ruby-3.1.4@iris/gems/railties-7.0.8/lib/rails/templates/rails/welcome/index.html.erb (Duration: 1.2ms | Allocations: 635)
Completed 200 OK in 17ms (Views: 4.4ms | ActiveRecord: 0.0ms | Allocations: 7010)


Started GET "/" for ::1 at 2024-01-03 13:38:17 +0530
Processing by StaticPagesController#index as HTML
  Rendering layout layouts/application.html.erb
  Rendering static_pages/index.html.erb within layouts/application
  Rendered static_pages/index.html.erb within layouts/application (Duration: 0.5ms | Allocations: 332)
  Rendered layout layouts/application.html.erb (Duration: 346.6ms | Allocations: 93260)
Completed 200 OK in 359ms (Views: 348.8ms | ActiveRecord: 0.0ms | Allocations: 97316)


  [1m[35m (13.0ms)[0m  [1m[35mCREATE TABLE "schema_migrations" ("version" varchar NOT NULL PRIMARY KEY)[0m
  [1m[35m (5.9ms)[0m  [1m[35mCREATE TABLE "ar_internal_metadata" ("key" varchar NOT NULL PRIMARY KEY, "value" varchar, "created_at" datetime(6) NOT NULL, "updated_at" datetime(6) NOT NULL)[0m
  [1m[36mActiveRecord::SchemaMigration Pluck (0.1ms)[0m  [1m[34mSELECT "schema_migrations"."version" FROM "schema_migrations" ORDER BY "schema_migrations"."version" ASC[0m
Migrating to DeviseCreateUsers (20240103083448)
  [1m[36mTRANSACTION (0.0ms)[0m  [1m[36mbegin transaction[0m
  [1m[35m (0.2ms)[0m  [1m[35mCREATE TABLE "users" ("id" integer PRIMARY KEY AUTOINCREMENT NOT NULL, "name" varchar, "department" varchar, "unique_id" varchar, "role" varchar, "email" varchar DEFAULT '' NOT NULL, "encrypted_password" varchar DEFAULT '' NOT NULL, "reset_password_token" varchar, "reset_password_sent_at" datetime(6), "remember_created_at" datetime(6), "created_at" datetime(6) NOT NULL, "updated_at" datetime(6) NOT NULL)[0m
  [1m[35m (0.1ms)[0m  [1m[35mCREATE UNIQUE INDEX "index_users_on_email" ON "users" ("email")[0m
  [1m[35m (0.1ms)[0m  [1m[35mCREATE UNIQUE INDEX "index_users_on_reset_password_token" ON "users" ("reset_password_token")[0m
  [1m[36mActiveRecord::SchemaMigration Create (0.1ms)[0m  [1m[32mINSERT INTO "schema_migrations" ("version") VALUES (?)[0m  [["version", "20240103083448"]]
  [1m[36mTRANSACTION (5.1ms)[0m  [1m[36mcommit transaction[0m
  [1m[36mActiveRecord::InternalMetadata Load (0.1ms)[0m  [1m[34mSELECT "ar_internal_metadata".* FROM "ar_internal_metadata" WHERE "ar_internal_metadata"."key" = ? LIMIT ?[0m  [["key", "environment"], ["LIMIT", 1]]
  [1m[36mTRANSACTION (0.1ms)[0m  [1m[36mbegin transaction[0m
  [1m[36mActiveRecord::InternalMetadata Create (0.3ms)[0m  [1m[32mINSERT INTO "ar_internal_metadata" ("key", "value", "created_at", "updated_at") VALUES (?, ?, ?, ?)[0m  [["key", "environment"], ["value", "development"], ["created_at", "2024-01-03 08:51:40.804022"], ["updated_at", "2024-01-03 08:51:40.804022"]]
  [1m[36mTRANSACTION (3.7ms)[0m  [1m[36mcommit transaction[0m
  [1m[36mActiveRecord::SchemaMigration Pluck (0.1ms)[0m  [1m[34mSELECT "schema_migrations"."version" FROM "schema_migrations" ORDER BY "schema_migrations"."version" ASC[0m
Started GET "/" for ::1 at 2024-01-03 14:22:00 +0530
  [1m[36mActiveRecord::SchemaMigration Pluck (0.1ms)[0m  [1m[34mSELECT "schema_migrations"."version" FROM "schema_migrations" ORDER BY "schema_migrations"."version" ASC[0m
Processing by StaticPagesController#index as HTML
  Rendering layout layouts/application.html.erb
  Rendering static_pages/index.html.erb within layouts/application
  Rendered static_pages/index.html.erb within layouts/application (Duration: 1.0ms | Allocations: 331)
  Rendered layout layouts/application.html.erb (Duration: 56.0ms | Allocations: 22462)
Completed 200 OK in 72ms (Views: 60.4ms | ActiveRecord: 0.0ms | Allocations: 27651)


Started GET "/users/sign_up" for ::1 at 2024-01-03 14:22:09 +0530
Processing by Devise::RegistrationsController#new as HTML
  Rendering layout layouts/application.html.erb
  Rendering /usr/share/rvm/gems/ruby-3.1.4@iris/gems/devise-4.9.3/app/views/devise/registrations/new.html.erb within layouts/application
  Rendered /usr/share/rvm/gems/ruby-3.1.4@iris/gems/devise-4.9.3/app/views/devise/shared/_error_messages.html.erb (Duration: 0.4ms | Allocations: 256)
  Rendered /usr/share/rvm/gems/ruby-3.1.4@iris/gems/devise-4.9.3/app/views/devise/shared/_links.html.erb (Duration: 1.8ms | Allocations: 624)
  Rendered /usr/share/rvm/gems/ruby-3.1.4@iris/gems/devise-4.9.3/app/views/devise/registrations/new.html.erb within layouts/application (Duration: 15.0ms | Allocations: 4882)
  Rendered layout layouts/application.html.erb (Duration: 19.5ms | Allocations: 7434)
Completed 200 OK in 37ms (Views: 21.2ms | ActiveRecord: 0.5ms | Allocations: 17119)


Started GET "/users/sign_in" for ::1 at 2024-01-03 14:23:10 +0530
Processing by Devise::SessionsController#new as HTML
  Rendering layout layouts/application.html.erb
  Rendering /usr/share/rvm/gems/ruby-3.1.4@iris/gems/devise-4.9.3/app/views/devise/sessions/new.html.erb within layouts/application
  Rendered /usr/share/rvm/gems/ruby-3.1.4@iris/gems/devise-4.9.3/app/views/devise/shared/_links.html.erb (Duration: 0.6ms | Allocations: 287)
  Rendered /usr/share/rvm/gems/ruby-3.1.4@iris/gems/devise-4.9.3/app/views/devise/sessions/new.html.erb within layouts/application (Duration: 4.4ms | Allocations: 2459)
  Rendered layout layouts/application.html.erb (Duration: 10.1ms | Allocations: 5002)
Completed 200 OK in 15ms (Views: 12.6ms | ActiveRecord: 0.0ms | Allocations: 6986)


Started POST "/users/sign_in" for ::1 at 2024-01-03 14:23:15 +0530
Processing by Devise::SessionsController#create as HTML
  Parameters: {"authenticity_token"=>"[FILTERED]", "user"=>{"email"=>"foo.bar@gmail.com", "password"=>"[FILTERED]", "remember_me"=>"0"}, "commit"=>"Log in"}
  [1m[36mUser Load (0.5ms)[0m  [1m[34mSELECT "users".* FROM "users" WHERE "users"."email" = ? ORDER BY "users"."id" ASC LIMIT ?[0m  [["email", "foo.bar@gmail.com"], ["LIMIT", 1]]
Completed 401 Unauthorized in 5ms (ActiveRecord: 0.5ms | Allocations: 3854)


Processing by Devise::SessionsController#new as HTML
  Parameters: {"authenticity_token"=>"[FILTERED]", "user"=>{"email"=>"foo.bar@gmail.com", "password"=>"[FILTERED]", "remember_me"=>"0"}, "commit"=>"Log in"}
  Rendering layout layouts/application.html.erb
  Rendering /usr/share/rvm/gems/ruby-3.1.4@iris/gems/devise-4.9.3/app/views/devise/sessions/new.html.erb within layouts/application
  Rendered /usr/share/rvm/gems/ruby-3.1.4@iris/gems/devise-4.9.3/app/views/devise/shared/_links.html.erb (Duration: 0.2ms | Allocations: 133)
  Rendered /usr/share/rvm/gems/ruby-3.1.4@iris/gems/devise-4.9.3/app/views/devise/sessions/new.html.erb within layouts/application (Duration: 1.3ms | Allocations: 1332)
  Rendered layout layouts/application.html.erb (Duration: 3.2ms | Allocations: 3798)
Completed 200 OK in 197ms (Views: 3.6ms | ActiveRecord: 0.0ms | Allocations: 5581)


Started POST "/users/sign_in" for ::1 at 2024-01-03 14:24:06 +0530
Processing by Devise::SessionsController#create as HTML
  Parameters: {"authenticity_token"=>"[FILTERED]", "user"=>{"email"=>"foo.bar@gmail.com", "password"=>"[FILTERED]", "remember_me"=>"0"}, "commit"=>"Log in"}
  [1m[36mUser Load (0.4ms)[0m  [1m[34mSELECT "users".* FROM "users" WHERE "users"."email" = ? ORDER BY "users"."id" ASC LIMIT ?[0m  [["email", "foo.bar@gmail.com"], ["LIMIT", 1]]
Completed 401 Unauthorized in 10ms (ActiveRecord: 0.4ms | Allocations: 1829)


Processing by Devise::SessionsController#new as HTML
  Parameters: {"authenticity_token"=>"[FILTERED]", "user"=>{"email"=>"foo.bar@gmail.com", "password"=>"[FILTERED]", "remember_me"=>"0"}, "commit"=>"Log in"}
  Rendering layout layouts/application.html.erb
  Rendering /usr/share/rvm/gems/ruby-3.1.4@iris/gems/devise-4.9.3/app/views/devise/sessions/new.html.erb within layouts/application
  Rendered /usr/share/rvm/gems/ruby-3.1.4@iris/gems/devise-4.9.3/app/views/devise/shared/_links.html.erb (Duration: 0.6ms | Allocations: 543)
  Rendered /usr/share/rvm/gems/ruby-3.1.4@iris/gems/devise-4.9.3/app/views/devise/sessions/new.html.erb within layouts/application (Duration: 2.7ms | Allocations: 2215)
  Rendered layout layouts/application.html.erb (Duration: 4.8ms | Allocations: 4959)
Completed 200 OK in 206ms (Views: 6.4ms | ActiveRecord: 0.0ms | Allocations: 6387)


Started GET "/users/sign_in" for ::1 at 2024-01-03 14:24:10 +0530
Processing by Devise::SessionsController#new as HTML
  Rendering layout layouts/application.html.erb
  Rendering /usr/share/rvm/gems/ruby-3.1.4@iris/gems/devise-4.9.3/app/views/devise/sessions/new.html.erb within layouts/application
  Rendered /usr/share/rvm/gems/ruby-3.1.4@iris/gems/devise-4.9.3/app/views/devise/shared/_links.html.erb (Duration: 0.3ms | Allocations: 131)
  Rendered /usr/share/rvm/gems/ruby-3.1.4@iris/gems/devise-4.9.3/app/views/devise/sessions/new.html.erb within layouts/application (Duration: 2.6ms | Allocations: 1207)
  Rendered layout layouts/application.html.erb (Duration: 6.7ms | Allocations: 3573)
Completed 200 OK in 8ms (Views: 7.4ms | ActiveRecord: 0.0ms | Allocations: 4465)


Started GET "/" for ::1 at 2024-01-03 14:24:17 +0530
Processing by StaticPagesController#index as HTML
  Rendering layout layouts/application.html.erb
  Rendering static_pages/index.html.erb within layouts/application
  Rendered static_pages/index.html.erb within layouts/application (Duration: 13.0ms | Allocations: 121)
  Rendered layout layouts/application.html.erb (Duration: 17.0ms | Allocations: 3162)
Completed 200 OK in 19ms (Views: 18.4ms | ActiveRecord: 0.0ms | Allocations: 3798)


Started GET "/" for ::1 at 2024-01-03 14:29:33 +0530
Processing by StaticPagesController#index as HTML
  Rendering layout layouts/application.html.erb
  Rendering static_pages/index.html.erb within layouts/application
  Rendered static_pages/index.html.erb within layouts/application (Duration: 0.1ms | Allocations: 7)
  Rendered layout layouts/application.html.erb (Duration: 13.0ms | Allocations: 2752)
Completed 200 OK in 16ms (Views: 15.2ms | ActiveRecord: 0.0ms | Allocations: 3014)


Started GET "/" for ::1 at 2024-01-03 14:29:34 +0530
Processing by StaticPagesController#index as HTML
  Rendering layout layouts/application.html.erb
  Rendering static_pages/index.html.erb within layouts/application
  Rendered static_pages/index.html.erb within layouts/application (Duration: 0.1ms | Allocations: 7)
  Rendered layout layouts/application.html.erb (Duration: 11.0ms | Allocations: 2737)
Completed 200 OK in 13ms (Views: 12.8ms | ActiveRecord: 0.0ms | Allocations: 2979)


Started GET "/" for ::1 at 2024-01-03 14:30:19 +0530
Processing by StaticPagesController#index as HTML
Completed 401 Unauthorized in 2ms (ActiveRecord: 0.0ms | Allocations: 1396)


Started GET "/users/sign_in" for ::1 at 2024-01-03 14:30:19 +0530
Processing by Devise::SessionsController#new as HTML
  Rendering layout layouts/application.html.erb
  Rendering /usr/share/rvm/gems/ruby-3.1.4@iris/gems/devise-4.9.3/app/views/devise/sessions/new.html.erb within layouts/application
  Rendered /usr/share/rvm/gems/ruby-3.1.4@iris/gems/devise-4.9.3/app/views/devise/shared/_links.html.erb (Duration: 0.2ms | Allocations: 161)
  Rendered /usr/share/rvm/gems/ruby-3.1.4@iris/gems/devise-4.9.3/app/views/devise/sessions/new.html.erb within layouts/application (Duration: 1.8ms | Allocations: 1466)
  Rendered layout layouts/application.html.erb (Duration: 4.4ms | Allocations: 4055)
Completed 200 OK in 10ms (Views: 6.1ms | ActiveRecord: 0.2ms | Allocations: 8227)


Started GET "/" for ::1 at 2024-01-03 14:30:31 +0530
Processing by StaticPagesController#index as HTML
Completed 401 Unauthorized in 1ms (ActiveRecord: 0.0ms | Allocations: 525)


Started GET "/users/sign_in" for ::1 at 2024-01-03 14:30:31 +0530
Processing by Devise::SessionsController#new as HTML
  Rendering layout layouts/application.html.erb
  Rendering /usr/share/rvm/gems/ruby-3.1.4@iris/gems/devise-4.9.3/app/views/devise/sessions/new.html.erb within layouts/application
  Rendered /usr/share/rvm/gems/ruby-3.1.4@iris/gems/devise-4.9.3/app/views/devise/shared/_links.html.erb (Duration: 0.5ms | Allocations: 131)
  Rendered /usr/share/rvm/gems/ruby-3.1.4@iris/gems/devise-4.9.3/app/views/devise/sessions/new.html.erb within layouts/application (Duration: 2.6ms | Allocations: 1204)
  Rendered layout layouts/application.html.erb (Duration: 7.2ms | Allocations: 3568)
Completed 200 OK in 10ms (Views: 7.8ms | ActiveRecord: 0.0ms | Allocations: 4429)


Started GET "/" for ::1 at 2024-01-03 14:30:37 +0530
Processing by StaticPagesController#index as HTML
Completed 401 Unauthorized in 0ms (ActiveRecord: 0.0ms | Allocations: 206)


Started GET "/users/sign_in" for ::1 at 2024-01-03 14:30:37 +0530
Processing by Devise::SessionsController#new as HTML
  Rendering layout layouts/application.html.erb
  Rendering /usr/share/rvm/gems/ruby-3.1.4@iris/gems/devise-4.9.3/app/views/devise/sessions/new.html.erb within layouts/application
  Rendered /usr/share/rvm/gems/ruby-3.1.4@iris/gems/devise-4.9.3/app/views/devise/shared/_links.html.erb (Duration: 0.2ms | Allocations: 131)
  Rendered /usr/share/rvm/gems/ruby-3.1.4@iris/gems/devise-4.9.3/app/views/devise/sessions/new.html.erb within layouts/application (Duration: 2.3ms | Allocations: 1215)
  Rendered layout layouts/application.html.erb (Duration: 5.8ms | Allocations: 3579)
Completed 200 OK in 8ms (Views: 6.7ms | ActiveRecord: 0.0ms | Allocations: 4247)


Started GET "/users/sign_up" for ::1 at 2024-01-03 14:30:45 +0530
Processing by Devise::RegistrationsController#new as HTML
  Rendering layout layouts/application.html.erb
  Rendering /usr/share/rvm/gems/ruby-3.1.4@iris/gems/devise-4.9.3/app/views/devise/registrations/new.html.erb within layouts/application
  Rendered /usr/share/rvm/gems/ruby-3.1.4@iris/gems/devise-4.9.3/app/views/devise/shared/_error_messages.html.erb (Duration: 0.5ms | Allocations: 209)
  Rendered /usr/share/rvm/gems/ruby-3.1.4@iris/gems/devise-4.9.3/app/views/devise/shared/_links.html.erb (Duration: 0.1ms | Allocations: 101)
  Rendered /usr/share/rvm/gems/ruby-3.1.4@iris/gems/devise-4.9.3/app/views/devise/registrations/new.html.erb within layouts/application (Duration: 3.0ms | Allocations: 2077)
  Rendered layout layouts/application.html.erb (Duration: 7.0ms | Allocations: 4628)
Completed 200 OK in 11ms (Views: 10.0ms | ActiveRecord: 0.0ms | Allocations: 5947)


Started GET "/users/sign_in" for ::1 at 2024-01-03 14:30:49 +0530
Processing by Devise::SessionsController#new as HTML
  Rendering layout layouts/application.html.erb
  Rendering /usr/share/rvm/gems/ruby-3.1.4@iris/gems/devise-4.9.3/app/views/devise/sessions/new.html.erb within layouts/application
  Rendered /usr/share/rvm/gems/ruby-3.1.4@iris/gems/devise-4.9.3/app/views/devise/shared/_links.html.erb (Duration: 0.3ms | Allocations: 131)
  Rendered /usr/share/rvm/gems/ruby-3.1.4@iris/gems/devise-4.9.3/app/views/devise/sessions/new.html.erb within layouts/application (Duration: 2.5ms | Allocations: 1208)
  Rendered layout layouts/application.html.erb (Duration: 6.4ms | Allocations: 3570)
Completed 200 OK in 8ms (Views: 7.0ms | ActiveRecord: 0.0ms | Allocations: 4336)


Started GET "/users/sign_in" for ::1 at 2024-01-03 14:33:39 +0530
Processing by Devise::SessionsController#new as HTML
  Rendering layout layouts/application.html.erb
  Rendering /usr/share/rvm/gems/ruby-3.1.4@iris/gems/devise-4.9.3/app/views/devise/sessions/new.html.erb within layouts/application
  Rendered /usr/share/rvm/gems/ruby-3.1.4@iris/gems/devise-4.9.3/app/views/devise/shared/_links.html.erb (Duration: 0.7ms | Allocations: 131)
  Rendered /usr/share/rvm/gems/ruby-3.1.4@iris/gems/devise-4.9.3/app/views/devise/sessions/new.html.erb within layouts/application (Duration: 6.4ms | Allocations: 1204)
  Rendered layout layouts/application.html.erb (Duration: 20.5ms | Allocations: 3566)
Completed 200 OK in 24ms (Views: 21.8ms | ActiveRecord: 0.0ms | Allocations: 4203)


Started GET "/users/sign_up" for ::1 at 2024-01-03 14:33:43 +0530
Processing by Devise::RegistrationsController#new as HTML
  Rendering layout layouts/application.html.erb
  Rendering /usr/share/rvm/gems/ruby-3.1.4@iris/gems/devise-4.9.3/app/views/devise/registrations/new.html.erb within layouts/application
  Rendered /usr/share/rvm/gems/ruby-3.1.4@iris/gems/devise-4.9.3/app/views/devise/shared/_error_messages.html.erb (Duration: 0.0ms | Allocations: 14)
  Rendered /usr/share/rvm/gems/ruby-3.1.4@iris/gems/devise-4.9.3/app/views/devise/shared/_links.html.erb (Duration: 0.3ms | Allocations: 78)
  Rendered /usr/share/rvm/gems/ruby-3.1.4@iris/gems/devise-4.9.3/app/views/devise/registrations/new.html.erb within layouts/application (Duration: 8.0ms | Allocations: 1185)
  Rendered layout layouts/application.html.erb (Duration: 18.5ms | Allocations: 3555)
Completed 200 OK in 24ms (Views: 23.0ms | ActiveRecord: 0.0ms | Allocations: 4147)


Started GET "/users/sign_up" for ::1 at 2024-01-03 14:33:46 +0530
Processing by Devise::RegistrationsController#new as HTML
  Rendering layout layouts/application.html.erb
  Rendering /usr/share/rvm/gems/ruby-3.1.4@iris/gems/devise-4.9.3/app/views/devise/registrations/new.html.erb within layouts/application
  Rendered /usr/share/rvm/gems/ruby-3.1.4@iris/gems/devise-4.9.3/app/views/devise/shared/_error_messages.html.erb (Duration: 0.1ms | Allocations: 14)
  Rendered /usr/share/rvm/gems/ruby-3.1.4@iris/gems/devise-4.9.3/app/views/devise/shared/_links.html.erb (Duration: 0.2ms | Allocations: 78)
  Rendered /usr/share/rvm/gems/ruby-3.1.4@iris/gems/devise-4.9.3/app/views/devise/registrations/new.html.erb within layouts/application (Duration: 8.6ms | Allocations: 1185)
  Rendered layout layouts/application.html.erb (Duration: 25.1ms | Allocations: 3555)
Completed 200 OK in 29ms (Views: 28.0ms | ActiveRecord: 0.0ms | Allocations: 4137)


Started GET "/users/sign_in'" for ::1 at 2024-01-03 14:33:52 +0530
  
ActionController::RoutingError (No route matches [GET] "/users/sign_in'"):
  
Started GET "/users/sign_in" for ::1 at 2024-01-03 14:33:55 +0530
Processing by Devise::SessionsController#new as HTML
  Rendering layout layouts/application.html.erb
  Rendering /usr/share/rvm/gems/ruby-3.1.4@iris/gems/devise-4.9.3/app/views/devise/sessions/new.html.erb within layouts/application
  Rendered /usr/share/rvm/gems/ruby-3.1.4@iris/gems/devise-4.9.3/app/views/devise/shared/_links.html.erb (Duration: 0.5ms | Allocations: 132)
  Rendered /usr/share/rvm/gems/ruby-3.1.4@iris/gems/devise-4.9.3/app/views/devise/sessions/new.html.erb within layouts/application (Duration: 2.7ms | Allocations: 1317)
  Rendered layout layouts/application.html.erb (Duration: 7.8ms | Allocations: 3826)
Completed 200 OK in 10ms (Views: 8.9ms | ActiveRecord: 0.0ms | Allocations: 4612)


Started GET "/users/sign_in" for ::1 at 2024-01-03 14:35:45 +0530
Processing by Devise::SessionsController#new as HTML
  Rendering layout layouts/application.html.erb
  Rendering /usr/share/rvm/gems/ruby-3.1.4@iris/gems/devise-4.9.3/app/views/devise/sessions/new.html.erb within layouts/application
  Rendered /usr/share/rvm/gems/ruby-3.1.4@iris/gems/devise-4.9.3/app/views/devise/shared/_links.html.erb (Duration: 0.8ms | Allocations: 131)
  Rendered /usr/share/rvm/gems/ruby-3.1.4@iris/gems/devise-4.9.3/app/views/devise/sessions/new.html.erb within layouts/application (Duration: 5.3ms | Allocations: 1204)
  Rendered layout layouts/application.html.erb (Duration: 11.1ms | Allocations: 3566)
Completed 200 OK in 14ms (Views: 12.2ms | ActiveRecord: 0.0ms | Allocations: 4218)


Started GET "/" for ::1 at 2024-01-03 14:35:49 +0530
Processing by StaticPagesController#index as HTML
Completed 401 Unauthorized in 1ms (ActiveRecord: 0.0ms | Allocations: 320)


Started GET "/users/sign_in" for ::1 at 2024-01-03 14:35:49 +0530
Processing by Devise::SessionsController#new as HTML
  Rendering layout layouts/application.html.erb
  Rendering /usr/share/rvm/gems/ruby-3.1.4@iris/gems/devise-4.9.3/app/views/devise/sessions/new.html.erb within layouts/application
  Rendered /usr/share/rvm/gems/ruby-3.1.4@iris/gems/devise-4.9.3/app/views/devise/shared/_links.html.erb (Duration: 0.2ms | Allocations: 131)
  Rendered /usr/share/rvm/gems/ruby-3.1.4@iris/gems/devise-4.9.3/app/views/devise/sessions/new.html.erb within layouts/application (Duration: 1.9ms | Allocations: 1204)
  Rendered layout layouts/application.html.erb (Duration: 6.2ms | Allocations: 3585)
Completed 200 OK in 9ms (Views: 7.2ms | ActiveRecord: 0.0ms | Allocations: 4251)


Started GET "/users/sign_up" for ::1 at 2024-01-03 14:35:58 +0530
Processing by Devise::RegistrationsController#new as HTML
  Rendering layout layouts/application.html.erb
  Rendering /usr/share/rvm/gems/ruby-3.1.4@iris/gems/devise-4.9.3/app/views/devise/registrations/new.html.erb within layouts/application
  Rendered /usr/share/rvm/gems/ruby-3.1.4@iris/gems/devise-4.9.3/app/views/devise/shared/_error_messages.html.erb (Duration: 0.1ms | Allocations: 14)
  Rendered /usr/share/rvm/gems/ruby-3.1.4@iris/gems/devise-4.9.3/app/views/devise/shared/_links.html.erb (Duration: 0.5ms | Allocations: 78)
  Rendered /usr/share/rvm/gems/ruby-3.1.4@iris/gems/devise-4.9.3/app/views/devise/registrations/new.html.erb within layouts/application (Duration: 7.4ms | Allocations: 1185)
  Rendered layout layouts/application.html.erb (Duration: 14.5ms | Allocations: 3555)
Completed 200 OK in 17ms (Views: 15.5ms | ActiveRecord: 0.0ms | Allocations: 4141)


Started GET "/" for ::1 at 2024-01-03 14:39:22 +0530
  [1m[36mActiveRecord::SchemaMigration Pluck (0.1ms)[0m  [1m[34mSELECT "schema_migrations"."version" FROM "schema_migrations" ORDER BY "schema_migrations"."version" ASC[0m
Processing by StaticPagesController#index as HTML
Completed 401 Unauthorized in 28ms (ActiveRecord: 0.0ms | Allocations: 2891)


Started GET "/users/sign_in" for ::1 at 2024-01-03 14:39:22 +0530
Processing by Devise::SessionsController#new as HTML
  Rendering layout layouts/application.html.erb
  Rendering devise/sessions/new.html.erb within layouts/application
  Rendered devise/shared/_links.html.erb (Duration: 1.7ms | Allocations: 737)
  Rendered devise/sessions/new.html.erb within layouts/application (Duration: 11.8ms | Allocations: 3926)
  Rendered layout layouts/application.html.erb (Duration: 63.5ms | Allocations: 25338)
Completed 200 OK in 84ms (Views: 67.4ms | ActiveRecord: 0.5ms | Allocations: 36479)


Started GET "/users/sign_up" for ::1 at 2024-01-03 14:47:08 +0530
  [1m[36mActiveRecord::SchemaMigration Pluck (0.3ms)[0m  [1m[34mSELECT "schema_migrations"."version" FROM "schema_migrations" ORDER BY "schema_migrations"."version" ASC[0m
Processing by Devise::RegistrationsController#new as HTML
  Rendering layout layouts/application.html.erb
  Rendering devise/registrations/new.html.erb within layouts/application
  Rendered devise/shared/_error_messages.html.erb (Duration: 0.6ms | Allocations: 260)
  Rendered devise/shared/_links.html.erb (Duration: 1.4ms | Allocations: 625)
  Rendered devise/registrations/new.html.erb within layouts/application (Duration: 13.6ms | Allocations: 4536)
  Rendered layout layouts/application.html.erb (Duration: 77.3ms | Allocations: 26080)
Completed 200 OK in 108ms (Views: 83.3ms | ActiveRecord: 0.6ms | Allocations: 39261)


Started GET "/users/sign_up" for ::1 at 2024-01-03 14:51:15 +0530
Processing by Devise::RegistrationsController#new as HTML
  Rendering layout layouts/application.html.erb
  Rendering devise/registrations/new.html.erb within layouts/application
  Rendered devise/registrations/new.html.erb within layouts/application (Duration: 14.1ms | Allocations: 4684)
  Rendered layout layouts/application.html.erb (Duration: 14.5ms | Allocations: 4783)
Completed 500 Internal Server Error in 21ms (ActiveRecord: 0.0ms | Allocations: 6363)


  
ActionView::SyntaxErrorInTemplate (Encountered a syntax error while rendering template: check <h2>Sign up</h2>

<%= form_for(resource, as: resource_name, url: registration_path(resource_name)) do |f| %>
  <%= render "devise/shared/error_messages", resource: resource %>

  <div class="field">
    <%= f.label :email %><br />
    <%= f.email_field :email, autofocus: true, autocomplete: "email" %>
  </div>

  <div class="field">
    <%= f.label :name %><br />
    <%= f.name_field :name%>
  </div>

  <div class="field">
    <%= f.label :unique_id %><br />
    <%= f.name_field :unique_id>
  </div>

  <div class="field">
    <%= f.label :role %><br />
    <%= f.name_field :role>
  </div>

  <div class="field">
    <%= f.label :department %><br />
    <%= f.name_field :department%>
  </div>

  <div class="field">
    <%= f.label :password %>
    <% if @minimum_password_length %>
    <em>(<%= @minimum_password_length %> characters minimum)</em>
    <% end %><br />
    <%= f.password_field :password, autocomplete: "new-password" %>
  </div>

  <div class="field">
    <%= f.label :password_confirmation %><br />
    <%= f.password_field :password_confirmation, autocomplete: "new-password" %>
  </div>

  <div class="actions">
    <%= f.submit "Sign up" %>
  </div>
<% end %>

<%= render "devise/shared/links" %>

):
1:    <h2>Sign up</h2>
2:    
3:    <%= form_for(resource, as: resource_name, url: registration_path(resource_name)) do |f| %>
4:      <%= render "devise/shared/error_messages", resource: resource %>
5:    
6:      <div class="field">
7:        <%= f.label :email %><br />
8:        <%= f.email_field :email, autofocus: true, autocomplete: "email" %>
9:      </div>
10:    
11:      <div class="field">
12:        <%= f.label :name %><br />
13:        <%= f.name_field :name%>
14:      </div>
15:    
16:      <div class="field">
17:        <%= f.label :unique_id %><br />
18:        <%= f.name_field :unique_id>
19:      </div>
20:    
21:      <div class="field">
22:        <%= f.label :role %><br />
23:        <%= f.name_field :role>
24:      </div>
25:    
26:      <div class="field">
27:        <%= f.label :department %><br />
28:        <%= f.name_field :department%>
29:      </div>
30:    
31:      <div class="field">
32:        <%= f.label :password %>
33:        <% if @minimum_password_length %>
34:        <em>(<%= @minimum_password_length %> characters minimum)</em>
35:        <% end %><br />
36:        <%= f.password_field :password, autocomplete: "new-password" %>
37:      </div>
38:    
39:      <div class="field">
40:        <%= f.label :password_confirmation %><br />
41:        <%= f.password_field :password_confirmation, autocomplete: "new-password" %>
42:      </div>
43:    
44:      <div class="actions">
45:        <%= f.submit "Sign up" %>
46:      </div>
47:    <% end %>
48:    
49:    <%= render "devise/shared/links" %>
  
app/views/devise/registrations/new.html.erb:19: syntax error, unexpected '<'
app/views/devise/registrations/new.html.erb:22: unmatched close parenthesis: /div>
app/views/devise/registrations/new.html.erb:27: syntax error, unexpected regexp literal, expecting `do' or '{' or '('
app/views/devise/registrations/new.html.erb:29: unknown regexp options - dv
app/views/devise/registrations/new.html.erb:31: syntax error, unexpected '<'
app/views/devise/registrations/new.html.erb:34: syntax error, unexpected local variable or method, expecting ')'
app/views/devise/registrations/new.html.erb:37: syntax error, unexpected '<', expecting ')'
app/views/devise/registrations/new.html.erb:42: syntax error, unexpected '<', expecting ')'
app/views/devise/registrations/new.html.erb:46: unknown regexp options - dv
app/views/devise/registrations/new.html.erb:52: unterminated string meets end of file
app/views/devise/registrations/new.html.erb:52: syntax error, unexpected end-of-input, expecting ')'
app/views/devise/registrations/new.html.erb:19: syntax error, unexpected '<'
app/views/devise/registrations/new.html.erb:22: unmatched close parenthesis: /div>
app/views/devise/registrations/new.html.erb:27: syntax error, unexpected regexp literal, expecting `do' or '{' or '('
app/views/devise/registrations/new.html.erb:29: unknown regexp options - dv
app/views/devise/registrations/new.html.erb:31: syntax error, unexpected '<'
app/views/devise/registrations/new.html.erb:34: syntax error, unexpected local variable or method, expecting ')'
app/views/devise/registrations/new.html.erb:37: syntax error, unexpected '<', expecting ')'
app/views/devise/registrations/new.html.erb:42: syntax error, unexpected '<', expecting ')'
app/views/devise/registrations/new.html.erb:46: unknown regexp options - dv
app/views/devise/registrations/new.html.erb:52: unterminated string meets end of file
app/views/devise/registrations/new.html.erb:52: syntax error, unexpected end-of-input, expecting ')'
app/views/devise/registrations/new.html.erb:19: syntax error, unexpected '<'
app/views/devise/registrations/new.html.erb:22: unmatched close parenthesis: /div>
app/views/devise/registrations/new.html.erb:27: syntax error, unexpected regexp literal, expecting `do' or '{' or '('
app/views/devise/registrations/new.html.erb:29: unknown regexp options - dv
app/views/devise/registrations/new.html.erb:31: syntax error, unexpected '<'
app/views/devise/registrations/new.html.erb:34: syntax error, unexpected local variable or method, expecting ')'
app/views/devise/registrations/new.html.erb:37: syntax error, unexpected '<', expecting ')'
app/views/devise/registrations/new.html.erb:42: syntax error, unexpected '<', expecting ')'
app/views/devise/registrations/new.html.erb:46: unknown regexp options - dv
app/views/devise/registrations/new.html.erb:52: unterminated string meets end of file
app/views/devise/registrations/new.html.erb:52: syntax error, unexpected end-of-input, expecting ')'
app/views/devise/registrations/new.html.erb:19: syntax error, unexpected '<'
app/views/devise/registrations/new.html.erb:22: unmatched close parenthesis: /div>
app/views/devise/registrations/new.html.erb:27: syntax error, unexpected regexp literal, expecting `do' or '{' or '('
app/views/devise/registrations/new.html.erb:29: unknown regexp options - dv
app/views/devise/registrations/new.html.erb:31: syntax error, unexpected '<'
app/views/devise/registrations/new.html.erb:34: syntax error, unexpected local variable or method, expecting ')'
app/views/devise/registrations/new.html.erb:37: syntax error, unexpected '<', expecting ')'
app/views/devise/registrations/new.html.erb:42: syntax error, unexpected '<', expecting ')'
app/views/devise/registrations/new.html.erb:46: unknown regexp options - dv
app/views/devise/registrations/new.html.erb:52: unterminated string meets end of file
app/views/devise/registrations/new.html.erb:52: syntax error, unexpected end-of-input, expecting ')'
Started GET "/users/sign_up" for ::1 at 2024-01-03 14:51:20 +0530
Processing by Devise::RegistrationsController#new as HTML
  Rendering layout layouts/application.html.erb
  Rendering devise/registrations/new.html.erb within layouts/application
  Rendered devise/registrations/new.html.erb within layouts/application (Duration: 4.6ms | Allocations: 1477)
  Rendered layout layouts/application.html.erb (Duration: 5.2ms | Allocations: 1559)
Completed 500 Internal Server Error in 10ms (ActiveRecord: 0.0ms | Allocations: 2402)


  
ActionView::SyntaxErrorInTemplate (Encountered a syntax error while rendering template: check <h2>Sign up</h2>

<%= form_for(resource, as: resource_name, url: registration_path(resource_name)) do |f| %>
  <%= render "devise/shared/error_messages", resource: resource %>

  <div class="field">
    <%= f.label :email %><br />
    <%= f.email_field :email, autofocus: true, autocomplete: "email" %>
  </div>

  <div class="field">
    <%= f.label :name %><br />
    <%= f.name_field :name%>
  </div>

  <div class="field">
    <%= f.label :unique_id %><br />
    <%= f.name_field :unique_id>
  </div>

  <div class="field">
    <%= f.label :role %><br />
    <%= f.name_field :role>
  </div>

  <div class="field">
    <%= f.label :department %><br />
    <%= f.name_field :department%>
  </div>

  <div class="field">
    <%= f.label :password %>
    <% if @minimum_password_length %>
    <em>(<%= @minimum_password_length %> characters minimum)</em>
    <% end %><br />
    <%= f.password_field :password, autocomplete: "new-password" %>
  </div>

  <div class="field">
    <%= f.label :password_confirmation %><br />
    <%= f.password_field :password_confirmation, autocomplete: "new-password" %>
  </div>

  <div class="actions">
    <%= f.submit "Sign up" %>
  </div>
<% end %>

<%= render "devise/shared/links" %>

):
1:    <h2>Sign up</h2>
2:    
3:    <%= form_for(resource, as: resource_name, url: registration_path(resource_name)) do |f| %>
4:      <%= render "devise/shared/error_messages", resource: resource %>
5:    
6:      <div class="field">
7:        <%= f.label :email %><br />
8:        <%= f.email_field :email, autofocus: true, autocomplete: "email" %>
9:      </div>
10:    
11:      <div class="field">
12:        <%= f.label :name %><br />
13:        <%= f.name_field :name%>
14:      </div>
15:    
16:      <div class="field">
17:        <%= f.label :unique_id %><br />
18:        <%= f.name_field :unique_id>
19:      </div>
20:    
21:      <div class="field">
22:        <%= f.label :role %><br />
23:        <%= f.name_field :role>
24:      </div>
25:    
26:      <div class="field">
27:        <%= f.label :department %><br />
28:        <%= f.name_field :department%>
29:      </div>
30:    
31:      <div class="field">
32:        <%= f.label :password %>
33:        <% if @minimum_password_length %>
34:        <em>(<%= @minimum_password_length %> characters minimum)</em>
35:        <% end %><br />
36:        <%= f.password_field :password, autocomplete: "new-password" %>
37:      </div>
38:    
39:      <div class="field">
40:        <%= f.label :password_confirmation %><br />
41:        <%= f.password_field :password_confirmation, autocomplete: "new-password" %>
42:      </div>
43:    
44:      <div class="actions">
45:        <%= f.submit "Sign up" %>
46:      </div>
47:    <% end %>
48:    
49:    <%= render "devise/shared/links" %>
  
app/views/devise/registrations/new.html.erb:19: syntax error, unexpected '<'
app/views/devise/registrations/new.html.erb:22: unmatched close parenthesis: /div>
app/views/devise/registrations/new.html.erb:27: syntax error, unexpected regexp literal, expecting `do' or '{' or '('
app/views/devise/registrations/new.html.erb:29: unknown regexp options - dv
app/views/devise/registrations/new.html.erb:31: syntax error, unexpected '<'
app/views/devise/registrations/new.html.erb:34: syntax error, unexpected local variable or method, expecting ')'
app/views/devise/registrations/new.html.erb:37: syntax error, unexpected '<', expecting ')'
app/views/devise/registrations/new.html.erb:42: syntax error, unexpected '<', expecting ')'
app/views/devise/registrations/new.html.erb:46: unknown regexp options - dv
app/views/devise/registrations/new.html.erb:52: unterminated string meets end of file
app/views/devise/registrations/new.html.erb:52: syntax error, unexpected end-of-input, expecting ')'
app/views/devise/registrations/new.html.erb:19: syntax error, unexpected '<'
app/views/devise/registrations/new.html.erb:22: unmatched close parenthesis: /div>
app/views/devise/registrations/new.html.erb:27: syntax error, unexpected regexp literal, expecting `do' or '{' or '('
app/views/devise/registrations/new.html.erb:29: unknown regexp options - dv
app/views/devise/registrations/new.html.erb:31: syntax error, unexpected '<'
app/views/devise/registrations/new.html.erb:34: syntax error, unexpected local variable or method, expecting ')'
app/views/devise/registrations/new.html.erb:37: syntax error, unexpected '<', expecting ')'
app/views/devise/registrations/new.html.erb:42: syntax error, unexpected '<', expecting ')'
app/views/devise/registrations/new.html.erb:46: unknown regexp options - dv
app/views/devise/registrations/new.html.erb:52: unterminated string meets end of file
app/views/devise/registrations/new.html.erb:52: syntax error, unexpected end-of-input, expecting ')'
app/views/devise/registrations/new.html.erb:19: syntax error, unexpected '<'
app/views/devise/registrations/new.html.erb:22: unmatched close parenthesis: /div>
app/views/devise/registrations/new.html.erb:27: syntax error, unexpected regexp literal, expecting `do' or '{' or '('
app/views/devise/registrations/new.html.erb:29: unknown regexp options - dv
app/views/devise/registrations/new.html.erb:31: syntax error, unexpected '<'
app/views/devise/registrations/new.html.erb:34: syntax error, unexpected local variable or method, expecting ')'
app/views/devise/registrations/new.html.erb:37: syntax error, unexpected '<', expecting ')'
app/views/devise/registrations/new.html.erb:42: syntax error, unexpected '<', expecting ')'
app/views/devise/registrations/new.html.erb:46: unknown regexp options - dv
app/views/devise/registrations/new.html.erb:52: unterminated string meets end of file
app/views/devise/registrations/new.html.erb:52: syntax error, unexpected end-of-input, expecting ')'
app/views/devise/registrations/new.html.erb:19: syntax error, unexpected '<'
app/views/devise/registrations/new.html.erb:22: unmatched close parenthesis: /div>
app/views/devise/registrations/new.html.erb:27: syntax error, unexpected regexp literal, expecting `do' or '{' or '('
app/views/devise/registrations/new.html.erb:29: unknown regexp options - dv
app/views/devise/registrations/new.html.erb:31: syntax error, unexpected '<'
app/views/devise/registrations/new.html.erb:34: syntax error, unexpected local variable or method, expecting ')'
app/views/devise/registrations/new.html.erb:37: syntax error, unexpected '<', expecting ')'
app/views/devise/registrations/new.html.erb:42: syntax error, unexpected '<', expecting ')'
app/views/devise/registrations/new.html.erb:46: unknown regexp options - dv
app/views/devise/registrations/new.html.erb:52: unterminated string meets end of file
app/views/devise/registrations/new.html.erb:52: syntax error, unexpected end-of-input, expecting ')'
Started GET "/users/sign_up" for ::1 at 2024-01-03 14:51:43 +0530
Processing by Devise::RegistrationsController#new as HTML
  Rendering layout layouts/application.html.erb
  Rendering devise/registrations/new.html.erb within layouts/application
  Rendered devise/shared/_error_messages.html.erb (Duration: 2.1ms | Allocations: 209)
  Rendered devise/registrations/new.html.erb within layouts/application (Duration: 14.7ms | Allocations: 4124)
  Rendered layout layouts/application.html.erb (Duration: 15.1ms | Allocations: 4210)
Completed 500 Internal Server Error in 24ms (ActiveRecord: 0.0ms | Allocations: 5715)


  
ActionView::Template::Error (undefined method `name_field' for #<ActionView::Helpers::FormBuilder:0x00007f19992d5988 @nested_child_index={}, @options={:allow_method_names_outside_object=>false, :skip_default_ids=>false, :as=>:user, :html=>{:class=>"new_user", :id=>"new_user"}, :method=>:post, :local=>true}, @template=#<ActionView::Base:0x0000000000c468>, @object=#<User id: nil, name: nil, department: nil, unique_id: nil, role: nil, email: "", created_at: nil, updated_at: nil>, @object_name=:user, @default_options={:skip_default_ids=>false, :allow_method_names_outside_object=>false}, @default_html_options={}, @multipart=nil, @index=nil>

    '.freeze;@output_buffer.append=( f.name_field :name);@output_buffer.safe_append='
                                      ^^^^^^^^^^^
Did you mean?  number_field
               range_field
               time_field
               date_field):
    10: 
    11:   <div class="field">
    12:     <%= f.label :name %><br />
    13:     <%= f.name_field :name%>
    14:   </div>
    15: 
    16:   <div class="field">
  
app/views/devise/registrations/new.html.erb:13
app/views/devise/registrations/new.html.erb:3
Started GET "/users/sign_up" for ::1 at 2024-01-03 14:52:36 +0530
Processing by Devise::RegistrationsController#new as HTML
  Rendering layout layouts/application.html.erb
  Rendering devise/registrations/new.html.erb within layouts/application
  Rendered devise/shared/_error_messages.html.erb (Duration: 1.2ms | Allocations: 209)
  Rendered devise/shared/_links.html.erb (Duration: 1.3ms | Allocations: 488)
  Rendered devise/registrations/new.html.erb within layouts/application (Duration: 11.7ms | Allocations: 3570)
  Rendered layout layouts/application.html.erb (Duration: 16.2ms | Allocations: 6391)
Completed 200 OK in 23ms (Views: 21.5ms | ActiveRecord: 0.0ms | Allocations: 7965)


Started GET "/users/sign_up" for ::1 at 2024-01-03 14:53:49 +0530
Processing by Devise::RegistrationsController#new as HTML
  Rendering layout layouts/application.html.erb
  Rendering devise/registrations/new.html.erb within layouts/application
  Rendered devise/shared/_error_messages.html.erb (Duration: 1.5ms | Allocations: 209)
  Rendered devise/shared/_links.html.erb (Duration: 2.9ms | Allocations: 488)
  Rendered devise/registrations/new.html.erb within layouts/application (Duration: 15.1ms | Allocations: 3441)
  Rendered layout layouts/application.html.erb (Duration: 20.1ms | Allocations: 6220)
Completed 200 OK in 31ms (Views: 26.6ms | ActiveRecord: 0.0ms | Allocations: 7790)


Started GET "/users/sign_up" for ::1 at 2024-01-03 14:54:16 +0530
Processing by Devise::RegistrationsController#new as HTML
  Rendering layout layouts/application.html.erb
  Rendering devise/registrations/new.html.erb within layouts/application
  Rendered devise/shared/_error_messages.html.erb (Duration: 0.1ms | Allocations: 14)
  Rendered devise/shared/_links.html.erb (Duration: 0.4ms | Allocations: 78)
  Rendered devise/registrations/new.html.erb within layouts/application (Duration: 8.0ms | Allocations: 2030)
  Rendered layout layouts/application.html.erb (Duration: 15.5ms | Allocations: 4413)
Completed 200 OK in 18ms (Views: 16.5ms | ActiveRecord: 0.0ms | Allocations: 5251)


Started GET "/users/sign_up" for ::1 at 2024-01-03 14:57:03 +0530
Processing by Devise::RegistrationsController#new as HTML
  Rendering layout layouts/application.html.erb
  Rendering devise/registrations/new.html.erb within layouts/application
  Rendered devise/shared/_error_messages.html.erb (Duration: 0.9ms | Allocations: 209)
  Rendered devise/shared/_links.html.erb (Duration: 2.2ms | Allocations: 488)
  Rendered devise/registrations/new.html.erb within layouts/application (Duration: 10.3ms | Allocations: 3468)
  Rendered layout layouts/application.html.erb (Duration: 17.6ms | Allocations: 6247)
Completed 200 OK in 27ms (Views: 23.4ms | ActiveRecord: 0.0ms | Allocations: 7782)


Started POST "/users" for ::1 at 2024-01-03 14:57:44 +0530
Processing by Devise::RegistrationsController#create as HTML
  Parameters: {"authenticity_token"=>"[FILTERED]", "user"=>{"email"=>"sujal5amati@gmail.com", "name"=>"Sujal Amati", "id"=>"2210566", "role"=>"Student", "department"=>"MACS", "password"=>"[FILTERED]", "password_confirmation"=>"[FILTERED]"}, "commit"=>"Sign up"}
[31mUnpermitted parameters: :name, :id, :role, :department. Context: { controller: Devise::RegistrationsController, action: create, request: #<ActionDispatch::Request:0x00007f197a54e378>, params: {"authenticity_token"=>"[FILTERED]", "user"=>{"email"=>"sujal5amati@gmail.com", "name"=>"Sujal Amati", "id"=>"2210566", "role"=>"Student", "department"=>"MACS", "password"=>"[FILTERED]", "password_confirmation"=>"[FILTERED]"}, "commit"=>"Sign up", "controller"=>"devise/registrations", "action"=>"create"} }[0m
  [1m[36mTRANSACTION (0.1ms)[0m  [1m[36mbegin transaction[0m
  [1m[36mUser Exists? (0.1ms)[0m  [1m[34mSELECT 1 AS one FROM "users" WHERE "users"."email" = ? LIMIT ?[0m  [["email", "sujal5amati@gmail.com"], ["LIMIT", 1]]
  [1m[36mUser Create (0.4ms)[0m  [1m[32mINSERT INTO "users" ("name", "department", "unique_id", "role", "email", "encrypted_password", "reset_password_token", "reset_password_sent_at", "remember_created_at", "created_at", "updated_at") VALUES (?, ?, ?, ?, ?, ?, ?, ?, ?, ?, ?)[0m  [["name", nil], ["department", nil], ["unique_id", nil], ["role", nil], ["email", "sujal5amati@gmail.com"], ["encrypted_password", "[FILTERED]"], ["reset_password_token", "[FILTERED]"], ["reset_password_sent_at", "[FILTERED]"], ["remember_created_at", nil], ["created_at", "2024-01-03 09:27:44.326382"], ["updated_at", "2024-01-03 09:27:44.326382"]]
  [1m[36mTRANSACTION (4.2ms)[0m  [1m[36mcommit transaction[0m
Redirected to http://[::1]:3000/
Completed 303 See Other in 281ms (ActiveRecord: 5.5ms | Allocations: 10865)


Started GET "/" for ::1 at 2024-01-03 14:57:44 +0530
Processing by StaticPagesController#index as HTML
  [1m[36mUser Load (0.2ms)[0m  [1m[34mSELECT "users".* FROM "users" WHERE "users"."id" = ? ORDER BY "users"."id" ASC LIMIT ?[0m  [["id", 1], ["LIMIT", 1]]
  Rendering layout layouts/application.html.erb
  Rendering static_pages/index.html.erb within layouts/application
  Rendered static_pages/index.html.erb within layouts/application (Duration: 0.8ms | Allocations: 123)
  Rendered layout layouts/application.html.erb (Duration: 11.3ms | Allocations: 2786)
Completed 200 OK in 17ms (Views: 13.3ms | ActiveRecord: 0.2ms | Allocations: 5565)


Started GET "/" for ::1 at 2024-01-03 14:59:35 +0530
Processing by StaticPagesController#index as HTML
  [1m[36mUser Load (0.1ms)[0m  [1m[34mSELECT "users".* FROM "users" WHERE "users"."id" = ? ORDER BY "users"."id" ASC LIMIT ?[0m  [["id", 1], ["LIMIT", 1]]
  Rendering layout layouts/application.html.erb
  Rendering static_pages/index.html.erb within layouts/application
  Rendered static_pages/index.html.erb within layouts/application (Duration: 4.8ms | Allocations: 2714)
  Rendered layout layouts/application.html.erb (Duration: 5.5ms | Allocations: 2811)
Completed 500 Internal Server Error in 21ms (ActiveRecord: 0.7ms | Allocations: 9997)


  
ActionView::Template::Error (Missing partial users/_user with {:locale=>[:en], :formats=>[:html], :variants=>[], :handlers=>[:raw, :erb, :html, :builder, :ruby, :jbuilder]}.

Searched in:
  * "/home/sujal/NITK/IRIS_Rec23_221DS030_Ruby-On-Rails/service_requests/app/views"
  * "/usr/share/rvm/gems/ruby-3.1.4@iris/gems/turbo-rails-1.5.0/app/views"
  * "/usr/share/rvm/gems/ruby-3.1.4@iris/gems/devise-4.9.3/app/views"
  * "/usr/share/rvm/gems/ruby-3.1.4@iris/gems/actiontext-7.0.8/app/views"
  * "/usr/share/rvm/gems/ruby-3.1.4@iris/gems/actionmailbox-7.0.8/app/views"

Did you mean?  devise/shared/error_messages
               layouts/action_text/contents/content
               action_text/contents/content
               devise/shared/links
               active_storage/blobs/blob
               action_text/attachables/missing_attachable):
    1: <h2>Dashboard</h2>
    2: 
    3: <%= render current_user%>
  
app/views/static_pages/index.html.erb:3
Started GET "/" for ::1 at 2024-01-03 15:00:17 +0530
Processing by StaticPagesController#index as HTML
  [1m[36mUser Load (0.3ms)[0m  [1m[34mSELECT "users".* FROM "users" WHERE "users"."id" = ? ORDER BY "users"."id" ASC LIMIT ?[0m  [["id", 1], ["LIMIT", 1]]
  Rendering layout layouts/application.html.erb
  Rendering static_pages/index.html.erb within layouts/application
  Rendered static_pages/index.html.erb within layouts/application (Duration: 0.8ms | Allocations: 1113)
  Rendered layout layouts/application.html.erb (Duration: 1.6ms | Allocations: 1202)
Completed 500 Internal Server Error in 9ms (ActiveRecord: 0.3ms | Allocations: 3716)


  
ActionView::SyntaxErrorInTemplate (Encountered a syntax error while rendering template: check <h2>Dashboard</h2>

<%= "Welcome #{current_user.name}%>
):
1:    <h2>Dashboard</h2>
2:    
3:    <%= "Welcome #{current_user.name}%>
  
app/views/static_pages/index.html.erb:5: unterminated string meets end of file
app/views/static_pages/index.html.erb:5: syntax error, unexpected end-of-input, expecting ')'
app/views/static_pages/index.html.erb:5: unterminated string meets end of file
app/views/static_pages/index.html.erb:5: syntax error, unexpected end-of-input, expecting ')'
app/views/static_pages/index.html.erb:5: unterminated string meets end of file
app/views/static_pages/index.html.erb:5: syntax error, unexpected end-of-input, expecting ')'
app/views/static_pages/index.html.erb:5: unterminated string meets end of file
app/views/static_pages/index.html.erb:5: syntax error, unexpected end-of-input, expecting ')'
Started GET "/" for ::1 at 2024-01-03 15:00:20 +0530
Processing by StaticPagesController#index as HTML
  [1m[36mUser Load (0.3ms)[0m  [1m[34mSELECT "users".* FROM "users" WHERE "users"."id" = ? ORDER BY "users"."id" ASC LIMIT ?[0m  [["id", 1], ["LIMIT", 1]]
  Rendering layout layouts/application.html.erb
  Rendering static_pages/index.html.erb within layouts/application
  Rendered static_pages/index.html.erb within layouts/application (Duration: 1.3ms | Allocations: 1072)
  Rendered layout layouts/application.html.erb (Duration: 1.7ms | Allocations: 1152)
Completed 500 Internal Server Error in 11ms (ActiveRecord: 0.3ms | Allocations: 3026)


  
ActionView::SyntaxErrorInTemplate (Encountered a syntax error while rendering template: check <h2>Dashboard</h2>

<%= "Welcome #{current_user.name}%>
):
1:    <h2>Dashboard</h2>
2:    
3:    <%= "Welcome #{current_user.name}%>
  
app/views/static_pages/index.html.erb:5: unterminated string meets end of file
app/views/static_pages/index.html.erb:5: syntax error, unexpected end-of-input, expecting ')'
app/views/static_pages/index.html.erb:5: unterminated string meets end of file
app/views/static_pages/index.html.erb:5: syntax error, unexpected end-of-input, expecting ')'
app/views/static_pages/index.html.erb:5: unterminated string meets end of file
app/views/static_pages/index.html.erb:5: syntax error, unexpected end-of-input, expecting ')'
app/views/static_pages/index.html.erb:5: unterminated string meets end of file
app/views/static_pages/index.html.erb:5: syntax error, unexpected end-of-input, expecting ')'
Started GET "/" for ::1 at 2024-01-03 15:00:31 +0530
Processing by StaticPagesController#index as HTML
  [1m[36mUser Load (0.3ms)[0m  [1m[34mSELECT "users".* FROM "users" WHERE "users"."id" = ? ORDER BY "users"."id" ASC LIMIT ?[0m  [["id", 1], ["LIMIT", 1]]
  Rendering layout layouts/application.html.erb
  Rendering static_pages/index.html.erb within layouts/application
  Rendered static_pages/index.html.erb within layouts/application (Duration: 1.0ms | Allocations: 160)
  Rendered layout layouts/application.html.erb (Duration: 13.1ms | Allocations: 3035)
Completed 200 OK in 24ms (Views: 15.9ms | ActiveRecord: 0.3ms | Allocations: 5394)


Started GET "/" for ::1 at 2024-01-03 15:00:46 +0530
Processing by StaticPagesController#index as HTML
  [1m[36mUser Load (0.2ms)[0m  [1m[34mSELECT "users".* FROM "users" WHERE "users"."id" = ? ORDER BY "users"."id" ASC LIMIT ?[0m  [["id", 1], ["LIMIT", 1]]
  Rendering layout layouts/application.html.erb
  Rendering static_pages/index.html.erb within layouts/application
  Rendered static_pages/index.html.erb within layouts/application (Duration: 1.2ms | Allocations: 163)
  Rendered layout layouts/application.html.erb (Duration: 11.9ms | Allocations: 2983)
Completed 200 OK in 20ms (Views: 14.7ms | ActiveRecord: 0.2ms | Allocations: 5531)


Started GET "/" for ::1 at 2024-01-03 15:20:38 +0530
  [1m[36mActiveRecord::SchemaMigration Pluck (0.2ms)[0m  [1m[34mSELECT "schema_migrations"."version" FROM "schema_migrations" ORDER BY "schema_migrations"."version" ASC[0m
Processing by StaticPagesController#index as HTML
  [1m[36mUser Load (0.5ms)[0m  [1m[34mSELECT "users".* FROM "users" WHERE "users"."id" = ? ORDER BY "users"."id" ASC LIMIT ?[0m  [["id", 1], ["LIMIT", 1]]
  Rendering layout layouts/application.html.erb
  Rendering static_pages/index.html.erb within layouts/application
  Rendered static_pages/index.html.erb within layouts/application (Duration: 2.4ms | Allocations: 389)
  Rendered layout layouts/application.html.erb (Duration: 72.7ms | Allocations: 21829)
Completed 200 OK in 124ms (Views: 76.0ms | ActiveRecord: 1.4ms | Allocations: 38473)


Started GET "/sign_up" for ::1 at 2024-01-03 15:20:45 +0530
  
ActionController::RoutingError (No route matches [GET] "/sign_up"):
  
Started GET "/users/sign_up" for ::1 at 2024-01-03 15:20:55 +0530
Processing by Devise::RegistrationsController#new as HTML
  [1m[36mUser Load (0.2ms)[0m  [1m[34mSELECT "users".* FROM "users" WHERE "users"."id" = ? ORDER BY "users"."id" ASC LIMIT ?[0m  [["id", 1], ["LIMIT", 1]]
Redirected to http://[::1]:3000/
Filter chain halted as :require_no_authentication rendered or redirected
Completed 302 Found in 6ms (ActiveRecord: 0.2ms | Allocations: 2370)


Started GET "/" for ::1 at 2024-01-03 15:20:55 +0530
Processing by StaticPagesController#index as HTML
  [1m[36mUser Load (0.1ms)[0m  [1m[34mSELECT "users".* FROM "users" WHERE "users"."id" = ? ORDER BY "users"."id" ASC LIMIT ?[0m  [["id", 1], ["LIMIT", 1]]
  Rendering layout layouts/application.html.erb
  Rendering static_pages/index.html.erb within layouts/application
  Rendered static_pages/index.html.erb within layouts/application (Duration: 0.2ms | Allocations: 25)
  Rendered layout layouts/application.html.erb (Duration: 32.4ms | Allocations: 2552)
Completed 200 OK in 36ms (Views: 33.0ms | ActiveRecord: 0.1ms | Allocations: 4327)


Started GET "/" for ::1 at 2024-01-03 15:22:20 +0530
Processing by StaticPagesController#index as HTML
  [1m[36mUser Load (0.2ms)[0m  [1m[34mSELECT "users".* FROM "users" WHERE "users"."id" = ? ORDER BY "users"."id" ASC LIMIT ?[0m  [["id", 1], ["LIMIT", 1]]
  Rendering layout layouts/application.html.erb
  Rendering static_pages/index.html.erb within layouts/application
  Rendered static_pages/index.html.erb within layouts/application (Duration: 16.1ms | Allocations: 4885)
  Rendered layout layouts/application.html.erb (Duration: 16.4ms | Allocations: 4974)
Completed 500 Internal Server Error in 28ms (ActiveRecord: 0.2ms | Allocations: 7372)


  
ActionView::Template::Error (undefined local variable or method `destroy_user_session' for #<ActionView::Base:0x0000000000c7b0>

'.freeze;@output_buffer.append=( button_to "Log Out", destroy_user_session, method: :delete);
                                                      ^^^^^^^^^^^^^^^^^^^^
Did you mean?  destroy_user_session_url
               destroy_user_session_path):
    2: 
    3: <%= "Welcome #{current_user.email}"%>
    4: 
    5: <%= button_to "Log Out", destroy_user_session, method: :delete%>
  
app/views/static_pages/index.html.erb:5
Started GET "/" for ::1 at 2024-01-03 15:22:39 +0530
Processing by StaticPagesController#index as HTML
  [1m[36mUser Load (0.4ms)[0m  [1m[34mSELECT "users".* FROM "users" WHERE "users"."id" = ? ORDER BY "users"."id" ASC LIMIT ?[0m  [["id", 1], ["LIMIT", 1]]
  Rendering layout layouts/application.html.erb
  Rendering static_pages/index.html.erb within layouts/application
  Rendered static_pages/index.html.erb within layouts/application (Duration: 1.4ms | Allocations: 507)
  Rendered layout layouts/application.html.erb (Duration: 6.5ms | Allocations: 3332)
Completed 200 OK in 18ms (Views: 9.8ms | ActiveRecord: 0.4ms | Allocations: 5891)


Started DELETE "/users/sign_out" for ::1 at 2024-01-03 15:22:41 +0530
Processing by Users::SessionsController#destroy as HTML
  Parameters: {"authenticity_token"=>"[FILTERED]"}
  [1m[36mUser Load (0.1ms)[0m  [1m[34mSELECT "users".* FROM "users" WHERE "users"."id" = ? ORDER BY "users"."id" ASC LIMIT ?[0m  [["id", 1], ["LIMIT", 1]]
Redirected to http://[::1]:3000/
Completed 303 See Other in 8ms (ActiveRecord: 0.1ms | Allocations: 3514)


Started GET "/" for ::1 at 2024-01-03 15:22:41 +0530
Processing by StaticPagesController#index as HTML
Completed 401 Unauthorized in 2ms (ActiveRecord: 0.0ms | Allocations: 588)


Started GET "/users/sign_in" for ::1 at 2024-01-03 15:22:41 +0530
Processing by Users::SessionsController#new as HTML
  Rendering layout layouts/application.html.erb
  Rendering devise/sessions/new.html.erb within layouts/application
  Rendered devise/shared/_links.html.erb (Duration: 2.6ms | Allocations: 731)
  Rendered devise/sessions/new.html.erb within layouts/application (Duration: 8.4ms | Allocations: 3513)
  Rendered layout layouts/application.html.erb (Duration: 12.3ms | Allocations: 6068)
Completed 200 OK in 15ms (Views: 13.9ms | ActiveRecord: 0.0ms | Allocations: 7953)


Started GET "/users/sign_up" for ::1 at 2024-01-03 15:22:42 +0530
Processing by Devise::RegistrationsController#new as HTML
  Rendering layout layouts/application.html.erb
  Rendering devise/registrations/new.html.erb within layouts/application
  Rendered devise/shared/_error_messages.html.erb (Duration: 1.5ms | Allocations: 217)
  Rendered devise/shared/_links.html.erb (Duration: 0.7ms | Allocations: 150)
  Rendered devise/registrations/new.html.erb within layouts/application (Duration: 13.9ms | Allocations: 3327)
  Rendered layout layouts/application.html.erb (Duration: 18.4ms | Allocations: 5891)
Completed 200 OK in 28ms (Views: 24.6ms | ActiveRecord: 0.0ms | Allocations: 7219)


Started GET "/users/sign_in" for ::1 at 2024-01-03 15:22:45 +0530
Processing by Users::SessionsController#new as HTML
  Rendering layout layouts/application.html.erb
  Rendering devise/sessions/new.html.erb within layouts/application
  Rendered devise/shared/_links.html.erb (Duration: 0.4ms | Allocations: 131)
  Rendered devise/sessions/new.html.erb within layouts/application (Duration: 4.4ms | Allocations: 1209)
  Rendered layout layouts/application.html.erb (Duration: 12.5ms | Allocations: 3583)
Completed 200 OK in 17ms (Views: 14.2ms | ActiveRecord: 0.0ms | Allocations: 4524)


Started GET "/users/sign_up" for ::1 at 2024-01-03 15:22:50 +0530
Processing by Devise::RegistrationsController#new as HTML
  Rendering layout layouts/application.html.erb
  Rendering devise/registrations/new.html.erb within layouts/application
  Rendered devise/shared/_error_messages.html.erb (Duration: 0.1ms | Allocations: 14)
  Rendered devise/shared/_links.html.erb (Duration: 0.4ms | Allocations: 78)
  Rendered devise/registrations/new.html.erb within layouts/application (Duration: 10.6ms | Allocations: 2030)
  Rendered layout layouts/application.html.erb (Duration: 16.1ms | Allocations: 4412)
Completed 200 OK in 20ms (Views: 17.6ms | ActiveRecord: 0.0ms | Allocations: 5152)


Started GET "/users/sign_in" for ::1 at 2024-01-03 15:22:52 +0530
Processing by Users::SessionsController#new as HTML
  Rendering layout layouts/application.html.erb
  Rendering devise/sessions/new.html.erb within layouts/application
  Rendered devise/shared/_links.html.erb (Duration: 1.1ms | Allocations: 131)
  Rendered devise/sessions/new.html.erb within layouts/application (Duration: 7.1ms | Allocations: 1205)
  Rendered layout layouts/application.html.erb (Duration: 14.1ms | Allocations: 3592)
Completed 200 OK in 19ms (Views: 16.2ms | ActiveRecord: 0.0ms | Allocations: 4441)


Started POST "/users/sign_in" for ::1 at 2024-01-03 15:23:01 +0530
Processing by Users::SessionsController#create as HTML
  Parameters: {"authenticity_token"=>"[FILTERED]", "user"=>{"email"=>"sujal5amati@gmail.com", "password"=>"[FILTERED]", "remember_me"=>"0"}, "commit"=>"Log in"}
  [1m[36mUser Load (0.3ms)[0m  [1m[34mSELECT "users".* FROM "users" WHERE "users"."email" = ? ORDER BY "users"."id" ASC LIMIT ?[0m  [["email", "sujal5amati@gmail.com"], ["LIMIT", 1]]
Redirected to http://[::1]:3000/
Completed 303 See Other in 231ms (ActiveRecord: 0.3ms | Allocations: 4069)


Started GET "/" for ::1 at 2024-01-03 15:23:01 +0530
Processing by StaticPagesController#index as HTML
  [1m[36mUser Load (0.3ms)[0m  [1m[34mSELECT "users".* FROM "users" WHERE "users"."id" = ? ORDER BY "users"."id" ASC LIMIT ?[0m  [["id", 1], ["LIMIT", 1]]
  Rendering layout layouts/application.html.erb
  Rendering static_pages/index.html.erb within layouts/application
  Rendered static_pages/index.html.erb within layouts/application (Duration: 0.6ms | Allocations: 288)
  Rendered layout layouts/application.html.erb (Duration: 3.8ms | Allocations: 2776)
Completed 200 OK in 8ms (Views: 4.3ms | ActiveRecord: 0.3ms | Allocations: 4685)


  [1m[36mUser Load (0.5ms)[0m  [1m[34mSELECT "users".* FROM "users"[0m
  [1m[36mUser Load (0.4ms)[0m  [1m[34mSELECT "users".* FROM "users"[0m
Started DELETE "/users/sign_out" for ::1 at 2024-01-03 15:36:12 +0530
Processing by Users::SessionsController#destroy as HTML
  Parameters: {"authenticity_token"=>"[FILTERED]"}
  [1m[36mUser Load (0.5ms)[0m  [1m[34mSELECT "users".* FROM "users" WHERE "users"."id" = ? ORDER BY "users"."id" ASC LIMIT ?[0m  [["id", 1], ["LIMIT", 1]]
Redirected to http://[::1]:3000/
Completed 303 See Other in 11ms (ActiveRecord: 1.4ms | Allocations: 2189)


Started GET "/" for ::1 at 2024-01-03 15:36:12 +0530
Processing by StaticPagesController#index as HTML
Completed 401 Unauthorized in 1ms (ActiveRecord: 0.0ms | Allocations: 454)


Started GET "/users/sign_in" for ::1 at 2024-01-03 15:36:12 +0530
Processing by Users::SessionsController#new as HTML
  Rendering layout layouts/application.html.erb
  Rendering devise/sessions/new.html.erb within layouts/application
  Rendered devise/shared/_links.html.erb (Duration: 0.4ms | Allocations: 131)
  Rendered devise/sessions/new.html.erb within layouts/application (Duration: 3.5ms | Allocations: 1242)
  Rendered layout layouts/application.html.erb (Duration: 6.2ms | Allocations: 3618)
Completed 200 OK in 8ms (Views: 7.0ms | ActiveRecord: 0.0ms | Allocations: 4474)


Started GET "/users/sign_up" for ::1 at 2024-01-03 15:36:14 +0530
Processing by Devise::RegistrationsController#new as HTML
  Rendering layout layouts/application.html.erb
  Rendering devise/registrations/new.html.erb within layouts/application
  Rendered devise/shared/_error_messages.html.erb (Duration: 0.1ms | Allocations: 14)
  Rendered devise/shared/_links.html.erb (Duration: 0.4ms | Allocations: 78)
  Rendered devise/registrations/new.html.erb within layouts/application (Duration: 7.7ms | Allocations: 2030)
  Rendered layout layouts/application.html.erb (Duration: 14.3ms | Allocations: 4412)
Completed 200 OK in 17ms (Views: 15.7ms | ActiveRecord: 0.0ms | Allocations: 5146)


Started POST "/users" for ::1 at 2024-01-03 15:36:47 +0530
Processing by Devise::RegistrationsController#create as HTML
  Parameters: {"authenticity_token"=>"[FILTERED]", "user"=>{"email"=>"johndoe@gmail.com", "name"=>"John Doe", "id"=>"2210342", "role"=>"Faculty Advisor", "department"=>"MACS", "password"=>"[FILTERED]", "password_confirmation"=>"[FILTERED]"}, "commit"=>"Sign up"}
[31mUnpermitted parameters: :name, :id, :role, :department. Context: { controller: Devise::RegistrationsController, action: create, request: #<ActionDispatch::Request:0x00007fe81f922160>, params: {"authenticity_token"=>"[FILTERED]", "user"=>{"email"=>"johndoe@gmail.com", "name"=>"John Doe", "id"=>"2210342", "role"=>"Faculty Advisor", "department"=>"MACS", "password"=>"[FILTERED]", "password_confirmation"=>"[FILTERED]"}, "commit"=>"Sign up", "controller"=>"devise/registrations", "action"=>"create"} }[0m
  [1m[36mTRANSACTION (0.1ms)[0m  [1m[36mbegin transaction[0m
  [1m[36mUser Exists? (0.2ms)[0m  [1m[34mSELECT 1 AS one FROM "users" WHERE "users"."email" = ? LIMIT ?[0m  [["email", "johndoe@gmail.com"], ["LIMIT", 1]]
  [1m[36mUser Create (0.2ms)[0m  [1m[32mINSERT INTO "users" ("name", "department", "unique_id", "role", "email", "encrypted_password", "reset_password_token", "reset_password_sent_at", "remember_created_at", "created_at", "updated_at") VALUES (?, ?, ?, ?, ?, ?, ?, ?, ?, ?, ?)[0m  [["name", nil], ["department", nil], ["unique_id", nil], ["role", nil], ["email", "johndoe@gmail.com"], ["encrypted_password", "[FILTERED]"], ["reset_password_token", "[FILTERED]"], ["reset_password_sent_at", "[FILTERED]"], ["remember_created_at", nil], ["created_at", "2024-01-03 10:06:47.784015"], ["updated_at", "2024-01-03 10:06:47.784015"]]
  [1m[36mTRANSACTION (18.0ms)[0m  [1m[36mcommit transaction[0m
Redirected to http://[::1]:3000/
Completed 303 See Other in 254ms (ActiveRecord: 18.5ms | Allocations: 7503)


Started GET "/" for ::1 at 2024-01-03 15:36:47 +0530
Processing by StaticPagesController#index as HTML
  [1m[36mUser Load (0.4ms)[0m  [1m[34mSELECT "users".* FROM "users" WHERE "users"."id" = ? ORDER BY "users"."id" ASC LIMIT ?[0m  [["id", 2], ["LIMIT", 1]]
  Rendering layout layouts/application.html.erb
  Rendering static_pages/index.html.erb within layouts/application
  Rendered static_pages/index.html.erb within layouts/application (Duration: 1.5ms | Allocations: 246)
  Rendered layout layouts/application.html.erb (Duration: 28.5ms | Allocations: 2658)
Completed 200 OK in 33ms (Views: 29.4ms | ActiveRecord: 0.4ms | Allocations: 4375)


Started DELETE "/users/sign_out" for ::1 at 2024-01-03 16:14:35 +0530
Processing by Users::SessionsController#destroy as HTML
  Parameters: {"authenticity_token"=>"[FILTERED]"}
  [1m[36mUser Load (0.1ms)[0m  [1m[34mSELECT "users".* FROM "users" WHERE "users"."id" = ? ORDER BY "users"."id" ASC LIMIT ?[0m  [["id", 2], ["LIMIT", 1]]
Redirected to http://[::1]:3000/
Completed 303 See Other in 8ms (ActiveRecord: 0.4ms | Allocations: 5793)


Started GET "/" for ::1 at 2024-01-03 16:14:35 +0530
Processing by StaticPagesController#index as HTML
Completed 401 Unauthorized in 1ms (ActiveRecord: 0.0ms | Allocations: 629)


Started GET "/users/sign_in" for ::1 at 2024-01-03 16:14:35 +0530
Processing by Users::SessionsController#new as HTML
  Rendering layout layouts/application.html.erb
  Rendering devise/sessions/new.html.erb within layouts/application
  Rendered devise/shared/_links.html.erb (Duration: 0.9ms | Allocations: 561)
  Rendered devise/sessions/new.html.erb within layouts/application (Duration: 5.3ms | Allocations: 2250)
  Rendered layout layouts/application.html.erb (Duration: 8.3ms | Allocations: 5052)
Completed 200 OK in 15ms (Views: 12.5ms | ActiveRecord: 0.0ms | Allocations: 6959)


Started GET "/users/sign_up" for ::1 at 2024-01-03 16:14:37 +0530
Processing by Devise::RegistrationsController#new as HTML
  Rendering layout layouts/application.html.erb
  Rendering devise/registrations/new.html.erb within layouts/application
  Rendered devise/shared/_error_messages.html.erb (Duration: 2.7ms | Allocations: 209)
  Rendered devise/shared/_links.html.erb (Duration: 0.5ms | Allocations: 101)
  Rendered devise/registrations/new.html.erb within layouts/application (Duration: 15.2ms | Allocations: 3060)
  Rendered layout layouts/application.html.erb (Duration: 26.0ms | Allocations: 5612)
Completed 200 OK in 32ms (Views: 29.4ms | ActiveRecord: 0.0ms | Allocations: 7109)


Started GET "/users/sign_up" for ::1 at 2024-01-03 16:21:55 +0530
Processing by Devise::RegistrationsController#new as HTML
  Rendering layout layouts/application.html.erb
  Rendering devise/registrations/new.html.erb within layouts/application
  Rendered devise/shared/_error_messages.html.erb (Duration: 0.5ms | Allocations: 210)
  Rendered devise/shared/_links.html.erb (Duration: 0.6ms | Allocations: 502)
  Rendered devise/registrations/new.html.erb within layouts/application (Duration: 4.1ms | Allocations: 3515)
  Rendered layout layouts/application.html.erb (Duration: 8.1ms | Allocations: 6328)
Completed 200 OK in 23ms (Views: 9.9ms | ActiveRecord: 0.2ms | Allocations: 10976)


Started GET "/users/sign_in" for ::1 at 2024-01-03 16:22:01 +0530
Processing by Users::SessionsController#new as HTML
  Rendering layout layouts/application.html.erb
  Rendering devise/sessions/new.html.erb within layouts/application
  Rendered devise/shared/_links.html.erb (Duration: 0.2ms | Allocations: 161)
  Rendered devise/sessions/new.html.erb within layouts/application (Duration: 2.5ms | Allocations: 1784)
  Rendered layout layouts/application.html.erb (Duration: 5.6ms | Allocations: 4336)
Completed 200 OK in 10ms (Views: 8.9ms | ActiveRecord: 0.0ms | Allocations: 6092)


Started POST "/users/sign_in" for ::1 at 2024-01-03 16:22:10 +0530
Processing by Users::SessionsController#create as HTML
  Parameters: {"authenticity_token"=>"[FILTERED]", "user"=>{"email"=>"johndoe@gmail.com", "password"=>"[FILTERED]", "remember_me"=>"0"}, "commit"=>"Log in"}
  [1m[36mUser Load (0.3ms)[0m  [1m[34mSELECT "users".* FROM "users" WHERE "users"."email" = ? ORDER BY "users"."id" ASC LIMIT ?[0m  [["email", "johndoe@gmail.com"], ["LIMIT", 1]]
Redirected to http://[::1]:3000/
Completed 303 See Other in 226ms (ActiveRecord: 0.3ms | Allocations: 3477)


Started GET "/" for ::1 at 2024-01-03 16:22:10 +0530
Processing by StaticPagesController#index as HTML
  [1m[36mUser Load (0.2ms)[0m  [1m[34mSELECT "users".* FROM "users" WHERE "users"."id" = ? ORDER BY "users"."id" ASC LIMIT ?[0m  [["id", 2], ["LIMIT", 1]]
  Rendering layout layouts/application.html.erb
  Rendering static_pages/index.html.erb within layouts/application
  Rendered static_pages/index.html.erb within layouts/application (Duration: 1.0ms | Allocations: 896)
  Rendered layout layouts/application.html.erb (Duration: 3.5ms | Allocations: 3467)
Completed 200 OK in 7ms (Views: 4.4ms | ActiveRecord: 0.2ms | Allocations: 6003)


Started GET "/" for ::1 at 2024-01-03 16:23:13 +0530
Processing by StaticPagesController#index as HTML
  [1m[36mUser Load (0.2ms)[0m  [1m[34mSELECT "users".* FROM "users" WHERE "users"."id" = ? ORDER BY "users"."id" ASC LIMIT ?[0m  [["id", 2], ["LIMIT", 1]]
  Rendering layout layouts/application.html.erb
  Rendering static_pages/index.html.erb within layouts/application
  Rendered static_pages/index.html.erb within layouts/application (Duration: 2.1ms | Allocations: 878)
  Rendered layout layouts/application.html.erb (Duration: 7.7ms | Allocations: 3661)
Completed 200 OK in 18ms (Views: 9.9ms | ActiveRecord: 0.2ms | Allocations: 6228)


Started DELETE "/users" for ::1 at 2024-01-03 16:23:19 +0530
Processing by Devise::RegistrationsController#destroy as HTML
  Parameters: {"authenticity_token"=>"[FILTERED]"}
  [1m[36mUser Load (0.4ms)[0m  [1m[34mSELECT "users".* FROM "users" WHERE "users"."id" = ? ORDER BY "users"."id" ASC LIMIT ?[0m  [["id", 2], ["LIMIT", 1]]
  [1m[36mTRANSACTION (0.1ms)[0m  [1m[36mbegin transaction[0m
  [1m[36mUser Destroy (0.4ms)[0m  [1m[31mDELETE FROM "users" WHERE "users"."id" = ?[0m  [["id", 2]]
  [1m[36mTRANSACTION (10.9ms)[0m  [1m[36mcommit transaction[0m
Redirected to http://[::1]:3000/
Completed 303 See Other in 22ms (ActiveRecord: 11.7ms | Allocations: 4878)


Started GET "/" for ::1 at 2024-01-03 16:23:19 +0530
Processing by StaticPagesController#index as HTML
Completed 401 Unauthorized in 1ms (ActiveRecord: 0.0ms | Allocations: 462)


Started GET "/users/sign_in" for ::1 at 2024-01-03 16:23:19 +0530
Processing by Users::SessionsController#new as HTML
  Rendering layout layouts/application.html.erb
  Rendering devise/sessions/new.html.erb within layouts/application
  Rendered devise/shared/_links.html.erb (Duration: 0.9ms | Allocations: 543)
  Rendered devise/sessions/new.html.erb within layouts/application (Duration: 3.5ms | Allocations: 2205)
  Rendered layout layouts/application.html.erb (Duration: 5.9ms | Allocations: 4786)
Completed 200 OK in 8ms (Views: 7.5ms | ActiveRecord: 0.0ms | Allocations: 6299)


Started POST "/users/sign_in" for ::1 at 2024-01-03 16:23:23 +0530
Processing by Users::SessionsController#create as HTML
  Parameters: {"authenticity_token"=>"[FILTERED]", "user"=>{"email"=>"johndoe@gmail.com", "password"=>"[FILTERED]", "remember_me"=>"0"}, "commit"=>"Log in"}
  [1m[36mUser Load (0.2ms)[0m  [1m[34mSELECT "users".* FROM "users" WHERE "users"."email" = ? ORDER BY "users"."id" ASC LIMIT ?[0m  [["email", "johndoe@gmail.com"], ["LIMIT", 1]]
Completed 401 Unauthorized in 5ms (ActiveRecord: 0.2ms | Allocations: 1842)


Processing by Users::SessionsController#new as HTML
  Parameters: {"authenticity_token"=>"[FILTERED]", "user"=>{"email"=>"johndoe@gmail.com", "password"=>"[FILTERED]", "remember_me"=>"0"}, "commit"=>"Log in"}
  Rendering layout layouts/application.html.erb
  Rendering devise/sessions/new.html.erb within layouts/application
  Rendered devise/shared/_links.html.erb (Duration: 0.1ms | Allocations: 131)
  Rendered devise/sessions/new.html.erb within layouts/application (Duration: 1.6ms | Allocations: 1206)
  Rendered layout layouts/application.html.erb (Duration: 3.6ms | Allocations: 3571)
Completed 200 OK in 220ms (Views: 4.1ms | ActiveRecord: 0.0ms | Allocations: 4178)


Started GET "/users/sign_up" for ::1 at 2024-01-03 16:24:32 +0530
Processing by Devise::RegistrationsController#new as HTML
  Rendering layout layouts/application.html.erb
  Rendering devise/registrations/new.html.erb within layouts/application
  Rendered devise/shared/_error_messages.html.erb (Duration: 0.7ms | Allocations: 209)
  Rendered devise/shared/_links.html.erb (Duration: 0.2ms | Allocations: 89)
  Rendered devise/registrations/new.html.erb within layouts/application (Duration: 5.7ms | Allocations: 2982)
  Rendered layout layouts/application.html.erb (Duration: 9.8ms | Allocations: 5531)
Completed 200 OK in 13ms (Views: 12.4ms | ActiveRecord: 0.0ms | Allocations: 6696)


Started POST "/users" for ::1 at 2024-01-03 16:25:18 +0530
Processing by Devise::RegistrationsController#create as HTML
  Parameters: {"authenticity_token"=>"[FILTERED]", "user"=>{"email"=>"sujalamati.221ds030@nitk.edu.in", "name"=>"Sujal Sunil Amati", "unique_id"=>"2210566", "role"=>"Student", "department"=>"MACS", "password"=>"[FILTERED]", "password_confirmation"=>"[FILTERED]"}, "commit"=>"Sign up"}
  [1m[36mTRANSACTION (0.1ms)[0m  [1m[36mbegin transaction[0m
  [1m[36mUser Exists? (0.2ms)[0m  [1m[34mSELECT 1 AS one FROM "users" WHERE "users"."email" = ? LIMIT ?[0m  [["email", "sujalamati.221ds030@nitk.edu.in"], ["LIMIT", 1]]
  [1m[36mUser Create (0.2ms)[0m  [1m[32mINSERT INTO "users" ("name", "department", "unique_id", "role", "email", "encrypted_password", "reset_password_token", "reset_password_sent_at", "remember_created_at", "created_at", "updated_at") VALUES (?, ?, ?, ?, ?, ?, ?, ?, ?, ?, ?)[0m  [["name", "Sujal Sunil Amati"], ["department", "MACS"], ["unique_id", "2210566"], ["role", "Student"], ["email", "sujalamati.221ds030@nitk.edu.in"], ["encrypted_password", "[FILTERED]"], ["reset_password_token", "[FILTERED]"], ["reset_password_sent_at", "[FILTERED]"], ["remember_created_at", nil], ["created_at", "2024-01-03 10:55:19.105327"], ["updated_at", "2024-01-03 10:55:19.105327"]]
  [1m[36mTRANSACTION (11.0ms)[0m  [1m[36mcommit transaction[0m
Redirected to http://[::1]:3000/
Completed 303 See Other in 243ms (ActiveRecord: 11.5ms | Allocations: 6622)


Started GET "/" for ::1 at 2024-01-03 16:25:19 +0530
Processing by StaticPagesController#index as HTML
  [1m[36mUser Load (0.1ms)[0m  [1m[34mSELECT "users".* FROM "users" WHERE "users"."id" = ? ORDER BY "users"."id" ASC LIMIT ?[0m  [["id", 3], ["LIMIT", 1]]
  Rendering layout layouts/application.html.erb
  Rendering static_pages/index.html.erb within layouts/application
  Rendered static_pages/index.html.erb within layouts/application (Duration: 1.2ms | Allocations: 488)
  Rendered layout layouts/application.html.erb (Duration: 3.8ms | Allocations: 2873)
Completed 200 OK in 7ms (Views: 4.3ms | ActiveRecord: 0.1ms | Allocations: 4597)


Started DELETE "/users/sign_out" for ::1 at 2024-01-03 16:26:04 +0530
Processing by Users::SessionsController#destroy as HTML
  Parameters: {"authenticity_token"=>"[FILTERED]"}
  [1m[36mUser Load (0.2ms)[0m  [1m[34mSELECT "users".* FROM "users" WHERE "users"."id" = ? ORDER BY "users"."id" ASC LIMIT ?[0m  [["id", 3], ["LIMIT", 1]]
Redirected to http://[::1]:3000/
Completed 303 See Other in 7ms (ActiveRecord: 0.2ms | Allocations: 2075)


Started GET "/" for ::1 at 2024-01-03 16:26:04 +0530
Processing by StaticPagesController#index as HTML
Completed 401 Unauthorized in 0ms (ActiveRecord: 0.0ms | Allocations: 447)


Started GET "/users/sign_in" for ::1 at 2024-01-03 16:26:04 +0530
Processing by Users::SessionsController#new as HTML
  Rendering layout layouts/application.html.erb
  Rendering devise/sessions/new.html.erb within layouts/application
  Rendered devise/shared/_links.html.erb (Duration: 0.2ms | Allocations: 131)
  Rendered devise/sessions/new.html.erb within layouts/application (Duration: 2.2ms | Allocations: 1214)
  Rendered layout layouts/application.html.erb (Duration: 5.0ms | Allocations: 3632)
Completed 200 OK in 6ms (Views: 5.5ms | ActiveRecord: 0.0ms | Allocations: 4491)


Started GET "/users/sign_up" for ::1 at 2024-01-03 16:26:06 +0530
Processing by Devise::RegistrationsController#new as HTML
  Rendering layout layouts/application.html.erb
  Rendering devise/registrations/new.html.erb within layouts/application
  Rendered devise/shared/_error_messages.html.erb (Duration: 0.1ms | Allocations: 14)
  Rendered devise/shared/_links.html.erb (Duration: 0.2ms | Allocations: 78)
  Rendered devise/registrations/new.html.erb within layouts/application (Duration: 4.6ms | Allocations: 2029)
  Rendered layout layouts/application.html.erb (Duration: 10.8ms | Allocations: 4403)
Completed 200 OK in 13ms (Views: 11.7ms | ActiveRecord: 0.0ms | Allocations: 5171)


Started POST "/users" for ::1 at 2024-01-03 16:26:41 +0530
Processing by Devise::RegistrationsController#create as HTML
  Parameters: {"authenticity_token"=>"[FILTERED]", "user"=>{"email"=>"parthmittal@nitk.in", "name"=>"Parth Mittal", "unique_id"=>"2210566", "role"=>"Admin", "department"=>"ECE", "password"=>"[FILTERED]", "password_confirmation"=>"[FILTERED]"}, "commit"=>"Sign up"}
  [1m[36mTRANSACTION (0.0ms)[0m  [1m[36mbegin transaction[0m
  [1m[36mUser Exists? (0.1ms)[0m  [1m[34mSELECT 1 AS one FROM "users" WHERE "users"."email" = ? LIMIT ?[0m  [["email", "parthmittal@nitk.in"], ["LIMIT", 1]]
  [1m[36mUser Create (0.2ms)[0m  [1m[32mINSERT INTO "users" ("name", "department", "unique_id", "role", "email", "encrypted_password", "reset_password_token", "reset_password_sent_at", "remember_created_at", "created_at", "updated_at") VALUES (?, ?, ?, ?, ?, ?, ?, ?, ?, ?, ?)[0m  [["name", "Parth Mittal"], ["department", "ECE"], ["unique_id", "2210566"], ["role", "Admin"], ["email", "parthmittal@nitk.in"], ["encrypted_password", "[FILTERED]"], ["reset_password_token", "[FILTERED]"], ["reset_password_sent_at", "[FILTERED]"], ["remember_created_at", nil], ["created_at", "2024-01-03 10:56:41.353575"], ["updated_at", "2024-01-03 10:56:41.353575"]]
  [1m[36mTRANSACTION (10.3ms)[0m  [1m[36mcommit transaction[0m
Redirected to http://[::1]:3000/
Completed 303 See Other in 230ms (ActiveRecord: 10.6ms | Allocations: 5770)


Started GET "/" for ::1 at 2024-01-03 16:26:41 +0530
Processing by StaticPagesController#index as HTML
  [1m[36mUser Load (0.1ms)[0m  [1m[34mSELECT "users".* FROM "users" WHERE "users"."id" = ? ORDER BY "users"."id" ASC LIMIT ?[0m  [["id", 4], ["LIMIT", 1]]
  Rendering layout layouts/application.html.erb
  Rendering static_pages/index.html.erb within layouts/application
  Rendered static_pages/index.html.erb within layouts/application (Duration: 0.8ms | Allocations: 483)
  Rendered layout layouts/application.html.erb (Duration: 3.4ms | Allocations: 2867)
Completed 200 OK in 6ms (Views: 3.9ms | ActiveRecord: 0.1ms | Allocations: 4590)


Started DELETE "/users/sign_out" for ::1 at 2024-01-03 16:26:53 +0530
Processing by Users::SessionsController#destroy as HTML
  Parameters: {"authenticity_token"=>"[FILTERED]"}
  [1m[36mUser Load (0.2ms)[0m  [1m[34mSELECT "users".* FROM "users" WHERE "users"."id" = ? ORDER BY "users"."id" ASC LIMIT ?[0m  [["id", 4], ["LIMIT", 1]]
Redirected to http://[::1]:3000/
Completed 303 See Other in 6ms (ActiveRecord: 0.2ms | Allocations: 1928)


Started GET "/" for ::1 at 2024-01-03 16:26:53 +0530
Processing by StaticPagesController#index as HTML
Completed 401 Unauthorized in 1ms (ActiveRecord: 0.0ms | Allocations: 433)


Started GET "/users/sign_in" for ::1 at 2024-01-03 16:26:53 +0530
Processing by Users::SessionsController#new as HTML
  Rendering layout layouts/application.html.erb
  Rendering devise/sessions/new.html.erb within layouts/application
  Rendered devise/shared/_links.html.erb (Duration: 0.4ms | Allocations: 131)
  Rendered devise/sessions/new.html.erb within layouts/application (Duration: 3.3ms | Allocations: 1208)
  Rendered layout layouts/application.html.erb (Duration: 6.2ms | Allocations: 3584)
Completed 200 OK in 8ms (Views: 6.7ms | ActiveRecord: 0.0ms | Allocations: 4426)


Started POST "/users/sign_in" for ::1 at 2024-01-03 16:27:07 +0530
Processing by Users::SessionsController#create as HTML
  Parameters: {"authenticity_token"=>"[FILTERED]", "user"=>{"email"=>"parthmittal@nitk.in", "password"=>"[FILTERED]", "remember_me"=>"0"}, "commit"=>"Log in"}
  [1m[36mUser Load (0.1ms)[0m  [1m[34mSELECT "users".* FROM "users" WHERE "users"."email" = ? ORDER BY "users"."id" ASC LIMIT ?[0m  [["email", "parthmittal@nitk.in"], ["LIMIT", 1]]
Redirected to http://[::1]:3000/
Completed 303 See Other in 211ms (ActiveRecord: 0.1ms | Allocations: 2672)


Started GET "/" for ::1 at 2024-01-03 16:27:08 +0530
Processing by StaticPagesController#index as HTML
  [1m[36mUser Load (0.2ms)[0m  [1m[34mSELECT "users".* FROM "users" WHERE "users"."id" = ? ORDER BY "users"."id" ASC LIMIT ?[0m  [["id", 4], ["LIMIT", 1]]
  Rendering layout layouts/application.html.erb
  Rendering static_pages/index.html.erb within layouts/application
  Rendered static_pages/index.html.erb within layouts/application (Duration: 0.6ms | Allocations: 487)
  Rendered layout layouts/application.html.erb (Duration: 2.8ms | Allocations: 2873)
Completed 200 OK in 5ms (Views: 3.2ms | ActiveRecord: 0.2ms | Allocations: 4601)


Started DELETE "/users/sign_out" for ::1 at 2024-01-03 16:27:50 +0530
Processing by Users::SessionsController#destroy as HTML
  Parameters: {"authenticity_token"=>"[FILTERED]"}
  [1m[36mUser Load (0.1ms)[0m  [1m[34mSELECT "users".* FROM "users" WHERE "users"."id" = ? ORDER BY "users"."id" ASC LIMIT ?[0m  [["id", 4], ["LIMIT", 1]]
Redirected to http://[::1]:3000/
Completed 303 See Other in 4ms (ActiveRecord: 0.1ms | Allocations: 1925)


Started GET "/" for ::1 at 2024-01-03 16:27:50 +0530
Processing by StaticPagesController#index as HTML
Completed 401 Unauthorized in 1ms (ActiveRecord: 0.0ms | Allocations: 448)


Started GET "/users/sign_in" for ::1 at 2024-01-03 16:27:50 +0530
Processing by Users::SessionsController#new as HTML
  Rendering layout layouts/application.html.erb
  Rendering devise/sessions/new.html.erb within layouts/application
  Rendered devise/shared/_links.html.erb (Duration: 0.3ms | Allocations: 131)
  Rendered devise/sessions/new.html.erb within layouts/application (Duration: 3.1ms | Allocations: 1208)
  Rendered layout layouts/application.html.erb (Duration: 5.8ms | Allocations: 3609)
Completed 200 OK in 8ms (Views: 6.5ms | ActiveRecord: 0.0ms | Allocations: 4467)


Started POST "/users/sign_in" for ::1 at 2024-01-03 16:27:58 +0530
Processing by Users::SessionsController#create as HTML
  Parameters: {"authenticity_token"=>"[FILTERED]", "user"=>{"email"=>"sujalamati.221ds030@nitk.edu.in", "password"=>"[FILTERED]", "remember_me"=>"0"}, "commit"=>"Log in"}
  [1m[36mUser Load (0.2ms)[0m  [1m[34mSELECT "users".* FROM "users" WHERE "users"."email" = ? ORDER BY "users"."id" ASC LIMIT ?[0m  [["email", "sujalamati.221ds030@nitk.edu.in"], ["LIMIT", 1]]
Redirected to http://[::1]:3000/
Completed 303 See Other in 217ms (ActiveRecord: 0.2ms | Allocations: 2497)


Started GET "/" for ::1 at 2024-01-03 16:27:58 +0530
Processing by StaticPagesController#index as HTML
  [1m[36mUser Load (0.1ms)[0m  [1m[34mSELECT "users".* FROM "users" WHERE "users"."id" = ? ORDER BY "users"."id" ASC LIMIT ?[0m  [["id", 3], ["LIMIT", 1]]
  Rendering layout layouts/application.html.erb
  Rendering static_pages/index.html.erb within layouts/application
  Rendered static_pages/index.html.erb within layouts/application (Duration: 0.7ms | Allocations: 489)
  Rendered layout layouts/application.html.erb (Duration: 3.2ms | Allocations: 2872)
Completed 200 OK in 6ms (Views: 3.6ms | ActiveRecord: 0.1ms | Allocations: 4579)


Started GET "/" for ::1 at 2024-01-03 16:35:05 +0530
Processing by StaticPagesController#index as HTML
  [1m[36mUser Load (0.3ms)[0m  [1m[34mSELECT "users".* FROM "users" WHERE "users"."id" = ? ORDER BY "users"."id" ASC LIMIT ?[0m  [["id", 3], ["LIMIT", 1]]
  Rendering layout layouts/application.html.erb
  Rendering static_pages/index.html.erb within layouts/application
  Rendered static_pages/index.html.erb within layouts/application (Duration: 3.1ms | Allocations: 880)
  Rendered layout layouts/application.html.erb (Duration: 9.1ms | Allocations: 3692)
Completed 200 OK in 18ms (Views: 11.3ms | ActiveRecord: 0.7ms | Allocations: 6255)


Started GET "/" for ::1 at 2024-01-03 16:35:15 +0530
Processing by StaticPagesController#index as HTML
  [1m[36mUser Load (0.3ms)[0m  [1m[34mSELECT "users".* FROM "users" WHERE "users"."id" = ? ORDER BY "users"."id" ASC LIMIT ?[0m  [["id", 3], ["LIMIT", 1]]
  Rendering layout layouts/application.html.erb
  Rendering static_pages/index.html.erb within layouts/application
  Rendered static_pages/index.html.erb within layouts/application (Duration: 2.7ms | Allocations: 881)
  Rendered layout layouts/application.html.erb (Duration: 9.4ms | Allocations: 3665)
Completed 200 OK in 23ms (Views: 13.2ms | ActiveRecord: 0.3ms | Allocations: 6232)


Started GET "/" for ::1 at 2024-01-03 16:35:15 +0530
Processing by StaticPagesController#index as HTML
  [1m[36mUser Load (0.4ms)[0m  [1m[34mSELECT "users".* FROM "users" WHERE "users"."id" = ? ORDER BY "users"."id" ASC LIMIT ?[0m  [["id", 3], ["LIMIT", 1]]
  Rendering layout layouts/application.html.erb
  Rendering static_pages/index.html.erb within layouts/application
  Rendered static_pages/index.html.erb within layouts/application (Duration: 3.6ms | Allocations: 484)
  Rendered layout layouts/application.html.erb (Duration: 13.4ms | Allocations: 2894)
Completed 200 OK in 21ms (Views: 14.8ms | ActiveRecord: 0.4ms | Allocations: 4776)


Started GET "/" for ::1 at 2024-01-03 16:35:26 +0530
Processing by StaticPagesController#index as HTML
  [1m[36mUser Load (0.3ms)[0m  [1m[34mSELECT "users".* FROM "users" WHERE "users"."id" = ? ORDER BY "users"."id" ASC LIMIT ?[0m  [["id", 3], ["LIMIT", 1]]
  Rendering layout layouts/application.html.erb
  Rendering static_pages/index.html.erb within layouts/application
  Rendered static_pages/index.html.erb within layouts/application (Duration: 2.8ms | Allocations: 877)
  Rendered layout layouts/application.html.erb (Duration: 9.6ms | Allocations: 3660)
Completed 200 OK in 21ms (Views: 12.8ms | ActiveRecord: 0.3ms | Allocations: 6033)


Started GET "/" for ::1 at 2024-01-03 16:36:20 +0530
Processing by StaticPagesController#index as HTML
  [1m[36mUser Load (0.6ms)[0m  [1m[34mSELECT "users".* FROM "users" WHERE "users"."id" = ? ORDER BY "users"."id" ASC LIMIT ?[0m  [["id", 3], ["LIMIT", 1]]
  Rendering layout layouts/application.html.erb
  Rendering static_pages/index.html.erb within layouts/application
  Rendered static_pages/index.html.erb within layouts/application (Duration: 20.6ms | Allocations: 6968)
  Rendered layout layouts/application.html.erb (Duration: 20.9ms | Allocations: 7056)
Completed 500 Internal Server Error in 34ms (ActiveRecord: 0.6ms | Allocations: 9580)


  
ActionView::Template::Error (undefined method `encrypter_password' for #<User id: 3, name: "Sujal Sunil Amati", department: "MACS", unique_id: "2210566", role: "Student", email: "sujalamati.221ds030@nitk.edu.in", created_at: "2024-01-03 10:55:19.105327000 +0000", updated_at: "2024-01-03 10:55:19.105327000 +0000">
Did you mean?  encrypted_password
               encrypted_password=
               encrypted_password?
               encrypted_password_was):
    10:         <%= "Staff Id: #{current_user.unique_id}" %> <br>
    11:     <%end%>
    12:     
    13:     <%= "Department: #{current_user.encrypter_password}" %> <br>
    14:     <br>
    15:     <%= button_to "Destroy Account", user_registration_path , method: :delete%><br>
    16:     <%= button_to "Log Out", destroy_user_session_path, method: :delete%>
  
app/views/static_pages/index.html.erb:13
Started GET "/" for ::1 at 2024-01-03 16:36:31 +0530
Processing by StaticPagesController#index as HTML
  [1m[36mUser Load (0.3ms)[0m  [1m[34mSELECT "users".* FROM "users" WHERE "users"."id" = ? ORDER BY "users"."id" ASC LIMIT ?[0m  [["id", 3], ["LIMIT", 1]]
  Rendering layout layouts/application.html.erb
  Rendering static_pages/index.html.erb within layouts/application
  Rendered static_pages/index.html.erb within layouts/application (Duration: 2.7ms | Allocations: 878)
  Rendered layout layouts/application.html.erb (Duration: 8.0ms | Allocations: 3703)
Completed 200 OK in 22ms (Views: 12.2ms | ActiveRecord: 0.3ms | Allocations: 6248)


Started GET "/" for ::1 at 2024-01-03 16:37:18 +0530
Processing by StaticPagesController#index as HTML
  [1m[36mUser Load (0.2ms)[0m  [1m[34mSELECT "users".* FROM "users" WHERE "users"."id" = ? ORDER BY "users"."id" ASC LIMIT ?[0m  [["id", 3], ["LIMIT", 1]]
  Rendering layout layouts/application.html.erb
  Rendering static_pages/index.html.erb within layouts/application
  Rendered static_pages/index.html.erb within layouts/application (Duration: 1.7ms | Allocations: 877)
  Rendered layout layouts/application.html.erb (Duration: 5.6ms | Allocations: 3660)
Completed 200 OK in 15ms (Views: 7.7ms | ActiveRecord: 0.2ms | Allocations: 6208)


Started DELETE "/users/sign_out" for ::1 at 2024-01-03 16:38:04 +0530
Processing by Users::SessionsController#destroy as HTML
  Parameters: {"authenticity_token"=>"[FILTERED]"}
  [1m[36mUser Load (0.2ms)[0m  [1m[34mSELECT "users".* FROM "users" WHERE "users"."id" = ? ORDER BY "users"."id" ASC LIMIT ?[0m  [["id", 3], ["LIMIT", 1]]
Redirected to http://[::1]:3000/
Completed 303 See Other in 10ms (ActiveRecord: 0.2ms | Allocations: 2197)


Started GET "/" for ::1 at 2024-01-03 16:38:04 +0530
Processing by StaticPagesController#index as HTML
Completed 401 Unauthorized in 1ms (ActiveRecord: 0.0ms | Allocations: 469)


Started GET "/users/sign_in" for ::1 at 2024-01-03 16:38:04 +0530
Processing by Users::SessionsController#new as HTML
  Rendering layout layouts/application.html.erb
  Rendering devise/sessions/new.html.erb within layouts/application
  Rendered devise/shared/_links.html.erb (Duration: 1.2ms | Allocations: 543)
  Rendered devise/sessions/new.html.erb within layouts/application (Duration: 4.7ms | Allocations: 2203)
  Rendered layout layouts/application.html.erb (Duration: 10.3ms | Allocations: 4756)
Completed 200 OK in 13ms (Views: 12.0ms | ActiveRecord: 0.0ms | Allocations: 6277)


Started POST "/users/sign_in" for ::1 at 2024-01-03 16:38:07 +0530
Processing by Users::SessionsController#create as HTML
  Parameters: {"authenticity_token"=>"[FILTERED]", "user"=>{"email"=>"johndoe@gmail.com", "password"=>"[FILTERED]", "remember_me"=>"0"}, "commit"=>"Log in"}
  [1m[36mUser Load (0.4ms)[0m  [1m[34mSELECT "users".* FROM "users" WHERE "users"."email" = ? ORDER BY "users"."id" ASC LIMIT ?[0m  [["email", "johndoe@gmail.com"], ["LIMIT", 1]]
Completed 401 Unauthorized in 5ms (ActiveRecord: 0.4ms | Allocations: 1877)


Processing by Users::SessionsController#new as HTML
  Parameters: {"authenticity_token"=>"[FILTERED]", "user"=>{"email"=>"johndoe@gmail.com", "password"=>"[FILTERED]", "remember_me"=>"0"}, "commit"=>"Log in"}
  Rendering layout layouts/application.html.erb
  Rendering devise/sessions/new.html.erb within layouts/application
  Rendered devise/shared/_links.html.erb (Duration: 0.3ms | Allocations: 131)
  Rendered devise/sessions/new.html.erb within layouts/application (Duration: 1.7ms | Allocations: 1199)
  Rendered layout layouts/application.html.erb (Duration: 4.1ms | Allocations: 3564)
Completed 200 OK in 225ms (Views: 4.7ms | ActiveRecord: 0.0ms | Allocations: 4156)


Started POST "/users/sign_in" for ::1 at 2024-01-03 16:38:16 +0530
Processing by Users::SessionsController#create as HTML
  Parameters: {"authenticity_token"=>"[FILTERED]", "user"=>{"email"=>"sujalamati.221ds030@nitk.edu.in", "password"=>"[FILTERED]", "remember_me"=>"0"}, "commit"=>"Log in"}
  [1m[36mUser Load (0.1ms)[0m  [1m[34mSELECT "users".* FROM "users" WHERE "users"."email" = ? ORDER BY "users"."id" ASC LIMIT ?[0m  [["email", "sujalamati.221ds030@nitk.edu.in"], ["LIMIT", 1]]
Redirected to http://[::1]:3000/
Completed 303 See Other in 224ms (ActiveRecord: 0.1ms | Allocations: 2838)


Started GET "/" for ::1 at 2024-01-03 16:38:16 +0530
Processing by StaticPagesController#index as HTML
  [1m[36mUser Load (0.1ms)[0m  [1m[34mSELECT "users".* FROM "users" WHERE "users"."id" = ? ORDER BY "users"."id" ASC LIMIT ?[0m  [["id", 3], ["LIMIT", 1]]
  Rendering layout layouts/application.html.erb
  Rendering static_pages/index.html.erb within layouts/application
  Rendered static_pages/index.html.erb within layouts/application (Duration: 1.4ms | Allocations: 492)
  Rendered layout layouts/application.html.erb (Duration: 5.0ms | Allocations: 2875)
Completed 200 OK in 8ms (Views: 5.7ms | ActiveRecord: 0.1ms | Allocations: 4589)


Started GET "/" for ::1 at 2024-01-03 16:38:19 +0530
Processing by StaticPagesController#index as HTML
  [1m[36mUser Load (0.3ms)[0m  [1m[34mSELECT "users".* FROM "users" WHERE "users"."id" = ? ORDER BY "users"."id" ASC LIMIT ?[0m  [["id", 3], ["LIMIT", 1]]
  Rendering layout layouts/application.html.erb
  Rendering static_pages/index.html.erb within layouts/application
  Rendered static_pages/index.html.erb within layouts/application (Duration: 1.0ms | Allocations: 485)
  Rendered layout layouts/application.html.erb (Duration: 5.2ms | Allocations: 2867)
Completed 200 OK in 14ms (Views: 6.1ms | ActiveRecord: 0.3ms | Allocations: 4553)


Started DELETE "/users/sign_out" for ::1 at 2024-01-03 16:39:07 +0530
Processing by Users::SessionsController#destroy as HTML
  Parameters: {"authenticity_token"=>"[FILTERED]"}
  [1m[36mUser Load (0.2ms)[0m  [1m[34mSELECT "users".* FROM "users" WHERE "users"."id" = ? ORDER BY "users"."id" ASC LIMIT ?[0m  [["id", 3], ["LIMIT", 1]]
Redirected to http://[::1]:3000/
Completed 303 See Other in 11ms (ActiveRecord: 0.2ms | Allocations: 1976)


Started GET "/" for ::1 at 2024-01-03 16:39:07 +0530
Processing by StaticPagesController#index as HTML
Completed 401 Unauthorized in 1ms (ActiveRecord: 0.0ms | Allocations: 438)


Started GET "/users/sign_in" for ::1 at 2024-01-03 16:39:07 +0530
Processing by Users::SessionsController#new as HTML
  Rendering layout layouts/application.html.erb
  Rendering devise/sessions/new.html.erb within layouts/application
  Rendered devise/shared/_links.html.erb (Duration: 0.1ms | Allocations: 131)
  Rendered devise/sessions/new.html.erb within layouts/application (Duration: 1.7ms | Allocations: 1208)
  Rendered layout layouts/application.html.erb (Duration: 3.7ms | Allocations: 3584)
Completed 200 OK in 7ms (Views: 4.9ms | ActiveRecord: 0.0ms | Allocations: 4427)


Started GET "/users/sign_in" for ::1 at 2024-01-03 16:39:14 +0530
Processing by Users::SessionsController#new as HTML
  Rendering layout layouts/application.html.erb
  Rendering devise/sessions/new.html.erb within layouts/application
  Rendered devise/shared/_links.html.erb (Duration: 0.4ms | Allocations: 131)
  Rendered devise/sessions/new.html.erb within layouts/application (Duration: 3.9ms | Allocations: 1204)
  Rendered layout layouts/application.html.erb (Duration: 7.3ms | Allocations: 3578)
Completed 200 OK in 11ms (Views: 8.6ms | ActiveRecord: 0.0ms | Allocations: 4409)


Started GET "/" for ::1 at 2024-01-03 16:39:18 +0530
Processing by StaticPagesController#index as HTML
Completed 401 Unauthorized in 1ms (ActiveRecord: 0.0ms | Allocations: 458)


Started GET "/users/sign_in" for ::1 at 2024-01-03 16:39:18 +0530
Processing by Users::SessionsController#new as HTML
  Rendering layout layouts/application.html.erb
  Rendering devise/sessions/new.html.erb within layouts/application
  Rendered devise/shared/_links.html.erb (Duration: 0.4ms | Allocations: 131)
  Rendered devise/sessions/new.html.erb within layouts/application (Duration: 3.6ms | Allocations: 1204)
  Rendered layout layouts/application.html.erb (Duration: 8.2ms | Allocations: 3624)
Completed 200 OK in 11ms (Views: 9.1ms | ActiveRecord: 0.0ms | Allocations: 4497)


